18:00:31 **** Incremental Build of configuration Debug for project STM32F103C6 LIBRARY ****
make -j8 all 
arm-none-eabi-gcc "../Src/main.c" -mcpu=cortex-m3 -std=gnu11 -g3 -DDEBUG -DSTM32 -DSTM32F1 -DSTM32F103C6Tx -c -I../Inc -I"D:/Project STMf103c6/STM32F103C6 LIBRARY/Drivers/CMSIS/Core/Include" -I"D:/Project STMf103c6/STM32F103C6 LIBRARY/Drivers/CMSIS/Device/ST/STM32F1xx" -I"D:/Project STMf103c6/STM32F103C6 LIBRARY/Drivers/CMSIS/Device/ST/STM32F1xx/Include" -O0 -ffunction-sections -fdata-sections -Wall -fstack-usage -MMD -MP -MF"Src/main.d" -MT"Src/main.o" --specs=nano.specs -mfloat-abi=soft -mthumb -o "Src/main.o"
arm-none-eabi-gcc -o "STM32F103C6 LIBRARY.elf" @"objects.list"   -mcpu=cortex-m3 -T"D:\Project STMf103c6\STM32F103C6 LIBRARY\STM32F103C6TX_FLASH.ld" --specs=nosys.specs -Wl,-Map="STM32F103C6 LIBRARY.map" -Wl,--gc-sections -static --specs=nano.specs -mfloat-abi=soft -mthumb -Wl,--start-group -lc -lm -Wl,--end-group
Finished building target: STM32F103C6 LIBRARY.elf
 
arm-none-eabi-size   STM32F103C6\ LIBRARY.elf 
arm-none-eabi-objdump -h -S  STM32F103C6\ LIBRARY.elf  > "STM32F103C6 LIBRARY.list"
arm-none-eabi-objcopy  -O ihex  STM32F103C6\ LIBRARY.elf  "STM32F103C6 LIBRARY.hex"
   text	   data	    bss	    dec	    hex	filename
   4720	      8	   1824	   6552	   1998	STM32F103C6 LIBRARY.elf
arm-none-eabi-objcopy  -O binary  STM32F103C6\ LIBRARY.elf  "STM32F103C6 LIBRARY.bin"
Finished building: default.size.stdout
 
Finished building: STM32F103C6 LIBRARY.hex
Finished building: STM32F103C6 LIBRARY.bin
Finished building: STM32F103C6 LIBRARY.list
 
 
 
18:01:02 **** Incremental Build of configuration Debug for project STM32F103C6 LIBRARY ****
make -j8 all 
arm-none-eabi-gcc "../Src/main.c" -mcpu=cortex-m3 -std=gnu11 -g3 -DDEBUG -DSTM32 -DSTM32F1 -DSTM32F103C6Tx -c -I../Inc -I"D:/Project STMf103c6/STM32F103C6 LIBRARY/Drivers/CMSIS/Core/Include" -I"D:/Project STMf103c6/STM32F103C6 LIBRARY/Drivers/CMSIS/Device/ST/STM32F1xx" -I"D:/Project STMf103c6/STM32F103C6 LIBRARY/Drivers/CMSIS/Device/ST/STM32F1xx/Include" -O0 -ffunction-sections -fdata-sections -Wall -fstack-usage -MMD -MP -MF"Src/main.d" -MT"Src/main.o" --specs=nano.specs -mfloat-abi=soft -mthumb -o "Src/main.o"
arm-none-eabi-gcc -o "STM32F103C6 LIBRARY.elf" @"objects.list"   -mcpu=cortex-m3 -T"D:\Project STMf103c6\STM32F103C6 LIBRARY\STM32F103C6TX_FLASH.ld" --specs=nosys.specs -Wl,-Map="STM32F103C6 LIBRARY.map" -Wl,--gc-sections -static --specs=nano.specs -mfloat-abi=soft -mthumb -Wl,--start-group -lc -lm -Wl,--end-group
Finished building target: STM32F103C6 LIBRARY.elf
 
arm-none-eabi-size   STM32F103C6\ LIBRARY.elf 
arm-none-eabi-objdump -h -S  STM32F103C6\ LIBRARY.elf  > "STM32F103C6 LIBRARY.list"
arm-none-eabi-objcopy  -O ihex  STM32F103C6\ LIBRARY.elf  "STM32F103C6 LIBRARY.hex"
arm-none-eabi-objcopy  -O binary  STM32F103C6\ LIBRARY.elf  "STM32F103C6 LIBRARY.bin"
   text	   data	    bss	    dec	    hex	filename
   4728	      8	   1824	   6560	   19a0	STM32F103C6 LIBRARY.elf
Finished building: default.size.stdout
 
Finished building: STM32F103C6 LIBRARY.hex
Finished building: STM32F103C6 LIBRARY.bin
Finished building: STM32F103C6 LIBRARY.list
 
 
 
18:05:06 **** Incremental Build of configuration Debug for project STM32F103C6 LIBRARY ****
make -j8 all 
arm-none-eabi-gcc "../Src/main.c" -mcpu=cortex-m3 -std=gnu11 -g3 -DDEBUG -DSTM32 -DSTM32F1 -DSTM32F103C6Tx -c -I../Inc -I"D:/Project STMf103c6/STM32F103C6 LIBRARY/Drivers/CMSIS/Core/Include" -I"D:/Project STMf103c6/STM32F103C6 LIBRARY/Drivers/CMSIS/Device/ST/STM32F1xx" -I"D:/Project STMf103c6/STM32F103C6 LIBRARY/Drivers/CMSIS/Device/ST/STM32F1xx/Include" -O0 -ffunction-sections -fdata-sections -Wall -fstack-usage -MMD -MP -MF"Src/main.d" -MT"Src/main.o" --specs=nano.specs -mfloat-abi=soft -mthumb -o "Src/main.o"
arm-none-eabi-gcc "../Inc/usart_rx_interrupt.c" -mcpu=cortex-m3 -std=gnu11 -g3 -DDEBUG -DSTM32 -DSTM32F1 -DSTM32F103C6Tx -c -I../Inc -I"D:/Project STMf103c6/STM32F103C6 LIBRARY/Drivers/CMSIS/Core/Include" -I"D:/Project STMf103c6/STM32F103C6 LIBRARY/Drivers/CMSIS/Device/ST/STM32F1xx" -I"D:/Project STMf103c6/STM32F103C6 LIBRARY/Drivers/CMSIS/Device/ST/STM32F1xx/Include" -O0 -ffunction-sections -fdata-sections -Wall -fstack-usage -MMD -MP -MF"Inc/usart_rx_interrupt.d" -MT"Inc/usart_rx_interrupt.o" --specs=nano.specs -mfloat-abi=soft -mthumb -o "Inc/usart_rx_interrupt.o"
../Inc/usart_rx_interrupt.c: In function 'usart_isr':
../Inc/usart_rx_interrupt.c:36:17: warning: implicit declaration of function 'usart_get_char' [-Wimplicit-function-declaration]
   36 | str[*counter] = usart_get_char();
      |                 ^~~~~~~~~~~~~~
arm-none-eabi-gcc -o "STM32F103C6 LIBRARY.elf" @"objects.list"   -mcpu=cortex-m3 -T"D:\Project STMf103c6\STM32F103C6 LIBRARY\STM32F103C6TX_FLASH.ld" --specs=nosys.specs -Wl,-Map="STM32F103C6 LIBRARY.map" -Wl,--gc-sections -static --specs=nano.specs -mfloat-abi=soft -mthumb -Wl,--start-group -lc -lm -Wl,--end-group
Finished building target: STM32F103C6 LIBRARY.elf
 
arm-none-eabi-size   STM32F103C6\ LIBRARY.elf 
arm-none-eabi-objdump -h -S  STM32F103C6\ LIBRARY.elf  > "STM32F103C6 LIBRARY.list"
arm-none-eabi-objcopy  -O ihex  STM32F103C6\ LIBRARY.elf  "STM32F103C6 LIBRARY.hex"
arm-none-eabi-objcopy  -O binary  STM32F103C6\ LIBRARY.elf  "STM32F103C6 LIBRARY.bin"
   text	   data	    bss	    dec	    hex	filename
   4516	      8	   1824	   6348	   18cc	STM32F103C6 LIBRARY.elf
Finished building: default.size.stdout
 
Finished building: STM32F103C6 LIBRARY.hex
Finished building: STM32F103C6 LIBRARY.bin
Finished building: STM32F103C6 LIBRARY.list
 
 
 
18:05:30 **** Incremental Build of configuration Debug for project STM32F103C6 LIBRARY ****
make -j8 all 
arm-none-eabi-gcc "../Src/main.c" -mcpu=cortex-m3 -std=gnu11 -g3 -DDEBUG -DSTM32 -DSTM32F1 -DSTM32F103C6Tx -c -I../Inc -I"D:/Project STMf103c6/STM32F103C6 LIBRARY/Drivers/CMSIS/Core/Include" -I"D:/Project STMf103c6/STM32F103C6 LIBRARY/Drivers/CMSIS/Device/ST/STM32F1xx" -I"D:/Project STMf103c6/STM32F103C6 LIBRARY/Drivers/CMSIS/Device/ST/STM32F1xx/Include" -O0 -ffunction-sections -fdata-sections -Wall -fstack-usage -MMD -MP -MF"Src/main.d" -MT"Src/main.o" --specs=nano.specs -mfloat-abi=soft -mthumb -o "Src/main.o"
arm-none-eabi-gcc "../Inc/usart_rx_interrupt.c" -mcpu=cortex-m3 -std=gnu11 -g3 -DDEBUG -DSTM32 -DSTM32F1 -DSTM32F103C6Tx -c -I../Inc -I"D:/Project STMf103c6/STM32F103C6 LIBRARY/Drivers/CMSIS/Core/Include" -I"D:/Project STMf103c6/STM32F103C6 LIBRARY/Drivers/CMSIS/Device/ST/STM32F1xx" -I"D:/Project STMf103c6/STM32F103C6 LIBRARY/Drivers/CMSIS/Device/ST/STM32F1xx/Include" -O0 -ffunction-sections -fdata-sections -Wall -fstack-usage -MMD -MP -MF"Inc/usart_rx_interrupt.d" -MT"Inc/usart_rx_interrupt.o" --specs=nano.specs -mfloat-abi=soft -mthumb -o "Inc/usart_rx_interrupt.o"
arm-none-eabi-gcc -o "STM32F103C6 LIBRARY.elf" @"objects.list"   -mcpu=cortex-m3 -T"D:\Project STMf103c6\STM32F103C6 LIBRARY\STM32F103C6TX_FLASH.ld" --specs=nosys.specs -Wl,-Map="STM32F103C6 LIBRARY.map" -Wl,--gc-sections -static --specs=nano.specs -mfloat-abi=soft -mthumb -Wl,--start-group -lc -lm -Wl,--end-group
Finished building target: STM32F103C6 LIBRARY.elf
 
arm-none-eabi-size   STM32F103C6\ LIBRARY.elf 
arm-none-eabi-objdump -h -S  STM32F103C6\ LIBRARY.elf  > "STM32F103C6 LIBRARY.list"
arm-none-eabi-objcopy  -O ihex  STM32F103C6\ LIBRARY.elf  "STM32F103C6 LIBRARY.hex"
arm-none-eabi-objcopy  -O binary  STM32F103C6\ LIBRARY.elf  "STM32F103C6 LIBRARY.bin"
   text	   data	    bss	    dec	    hex	filename
   4516	      8	   1824	   6348	   18cc	STM32F103C6 LIBRARY.elf
Finished building: default.size.stdout
 
Finished building: STM32F103C6 LIBRARY.hex
Finished building: STM32F103C6 LIBRARY.bin
 
Finished building: STM32F103C6 LIBRARY.list
 
 
18:08:29 **** Incremental Build of configuration Debug for project STM32F103C6 LIBRARY ****
make -j8 all 
arm-none-eabi-gcc "../Src/main.c" -mcpu=cortex-m3 -std=gnu11 -g3 -DDEBUG -DSTM32 -DSTM32F1 -DSTM32F103C6Tx -c -I../Inc -I"D:/Project STMf103c6/STM32F103C6 LIBRARY/Drivers/CMSIS/Core/Include" -I"D:/Project STMf103c6/STM32F103C6 LIBRARY/Drivers/CMSIS/Device/ST/STM32F1xx" -I"D:/Project STMf103c6/STM32F103C6 LIBRARY/Drivers/CMSIS/Device/ST/STM32F1xx/Include" -O0 -ffunction-sections -fdata-sections -Wall -fstack-usage -MMD -MP -MF"Src/main.d" -MT"Src/main.o" --specs=nano.specs -mfloat-abi=soft -mthumb -o "Src/main.o"
arm-none-eabi-gcc "../Inc/usart_rx_interrupt.c" -mcpu=cortex-m3 -std=gnu11 -g3 -DDEBUG -DSTM32 -DSTM32F1 -DSTM32F103C6Tx -c -I../Inc -I"D:/Project STMf103c6/STM32F103C6 LIBRARY/Drivers/CMSIS/Core/Include" -I"D:/Project STMf103c6/STM32F103C6 LIBRARY/Drivers/CMSIS/Device/ST/STM32F1xx" -I"D:/Project STMf103c6/STM32F103C6 LIBRARY/Drivers/CMSIS/Device/ST/STM32F1xx/Include" -O0 -ffunction-sections -fdata-sections -Wall -fstack-usage -MMD -MP -MF"Inc/usart_rx_interrupt.d" -MT"Inc/usart_rx_interrupt.o" --specs=nano.specs -mfloat-abi=soft -mthumb -o "Inc/usart_rx_interrupt.o"
arm-none-eabi-gcc -o "STM32F103C6 LIBRARY.elf" @"objects.list"   -mcpu=cortex-m3 -T"D:\Project STMf103c6\STM32F103C6 LIBRARY\STM32F103C6TX_FLASH.ld" --specs=nosys.specs -Wl,-Map="STM32F103C6 LIBRARY.map" -Wl,--gc-sections -static --specs=nano.specs -mfloat-abi=soft -mthumb -Wl,--start-group -lc -lm -Wl,--end-group
Finished building target: STM32F103C6 LIBRARY.elf
 
arm-none-eabi-size   STM32F103C6\ LIBRARY.elf 
arm-none-eabi-objdump -h -S  STM32F103C6\ LIBRARY.elf  > "STM32F103C6 LIBRARY.list"
arm-none-eabi-objcopy  -O ihex  STM32F103C6\ LIBRARY.elf  "STM32F103C6 LIBRARY.hex"
arm-none-eabi-objcopy  -O binary  STM32F103C6\ LIBRARY.elf  "STM32F103C6 LIBRARY.bin"
   text	   data	    bss	    dec	    hex	filename
   4516	      8	   1824	   6348	   18cc	STM32F103C6 LIBRARY.elf
Finished building: default.size.stdout
 
Finished building: STM32F103C6 LIBRARY.hex
Finished building: STM32F103C6 LIBRARY.bin
Finished building: STM32F103C6 LIBRARY.list
 
 
 
21:21:25 **** Incremental Build of configuration Debug for project STM32F103C6 LIBRARY ****
make -j8 all 
arm-none-eabi-gcc "../Src/main.c" -mcpu=cortex-m3 -std=gnu11 -g3 -DDEBUG -DSTM32 -DSTM32F1 -DSTM32F103C6Tx -c -I../Inc -I"D:/Project STMf103c6/STM32F103C6 LIBRARY/Drivers/CMSIS/Core/Include" -I"D:/Project STMf103c6/STM32F103C6 LIBRARY/Drivers/CMSIS/Device/ST/STM32F1xx" -I"D:/Project STMf103c6/STM32F103C6 LIBRARY/Drivers/CMSIS/Device/ST/STM32F1xx/Include" -O0 -ffunction-sections -fdata-sections -Wall -fstack-usage -MMD -MP -MF"Src/main.d" -MT"Src/main.o" --specs=nano.specs -mfloat-abi=soft -mthumb -o "Src/main.o"
arm-none-eabi-gcc "../Inc/usart_rx_interrupt.c" -mcpu=cortex-m3 -std=gnu11 -g3 -DDEBUG -DSTM32 -DSTM32F1 -DSTM32F103C6Tx -c -I../Inc -I"D:/Project STMf103c6/STM32F103C6 LIBRARY/Drivers/CMSIS/Core/Include" -I"D:/Project STMf103c6/STM32F103C6 LIBRARY/Drivers/CMSIS/Device/ST/STM32F1xx" -I"D:/Project STMf103c6/STM32F103C6 LIBRARY/Drivers/CMSIS/Device/ST/STM32F1xx/Include" -O0 -ffunction-sections -fdata-sections -Wall -fstack-usage -MMD -MP -MF"Inc/usart_rx_interrupt.d" -MT"Inc/usart_rx_interrupt.o" --specs=nano.specs -mfloat-abi=soft -mthumb -o "Inc/usart_rx_interrupt.o"
arm-none-eabi-gcc -o "STM32F103C6 LIBRARY.elf" @"objects.list"   -mcpu=cortex-m3 -T"D:\Project STMf103c6\STM32F103C6 LIBRARY\STM32F103C6TX_FLASH.ld" --specs=nosys.specs -Wl,-Map="STM32F103C6 LIBRARY.map" -Wl,--gc-sections -static --specs=nano.specs -mfloat-abi=soft -mthumb -Wl,--start-group -lc -lm -Wl,--end-group
Finished building target: STM32F103C6 LIBRARY.elf
 
arm-none-eabi-size   STM32F103C6\ LIBRARY.elf 
arm-none-eabi-objdump -h -S  STM32F103C6\ LIBRARY.elf  > "STM32F103C6 LIBRARY.list"
arm-none-eabi-objcopy  -O ihex  STM32F103C6\ LIBRARY.elf  "STM32F103C6 LIBRARY.hex"
arm-none-eabi-objcopy  -O binary  STM32F103C6\ LIBRARY.elf  "STM32F103C6 LIBRARY.bin"
   text	   data	    bss	    dec	    hex	filename
   4516	      8	   1824	   6348	   18cc	STM32F103C6 LIBRARY.elf
Finished building: default.size.stdout
 
Finished building: STM32F103C6 LIBRARY.hex
Finished building: STM32F103C6 LIBRARY.bin
 
 
Finished building: STM32F103C6 LIBRARY.list
 
22:28:43 **** Incremental Build of configuration Debug for project STM32F103C6 LIBRARY ****
make -j8 all 
arm-none-eabi-gcc "../Src/main.c" -mcpu=cortex-m3 -std=gnu11 -g3 -DDEBUG -DSTM32 -DSTM32F1 -DSTM32F103C6Tx -c -I../Inc -I"D:/Project STMf103c6/STM32F103C6 LIBRARY/Drivers/CMSIS/Core/Include" -I"D:/Project STMf103c6/STM32F103C6 LIBRARY/Drivers/CMSIS/Device/ST/STM32F1xx" -I"D:/Project STMf103c6/STM32F103C6 LIBRARY/Drivers/CMSIS/Device/ST/STM32F1xx/Include" -O0 -ffunction-sections -fdata-sections -Wall -fstack-usage -MMD -MP -MF"Src/main.d" -MT"Src/main.o" --specs=nano.specs -mfloat-abi=soft -mthumb -o "Src/main.o"
arm-none-eabi-gcc "../Inc/usart.c" -mcpu=cortex-m3 -std=gnu11 -g3 -DDEBUG -DSTM32 -DSTM32F1 -DSTM32F103C6Tx -c -I../Inc -I"D:/Project STMf103c6/STM32F103C6 LIBRARY/Drivers/CMSIS/Core/Include" -I"D:/Project STMf103c6/STM32F103C6 LIBRARY/Drivers/CMSIS/Device/ST/STM32F1xx" -I"D:/Project STMf103c6/STM32F103C6 LIBRARY/Drivers/CMSIS/Device/ST/STM32F1xx/Include" -O0 -ffunction-sections -fdata-sections -Wall -fstack-usage -MMD -MP -MF"Inc/usart.d" -MT"Inc/usart.o" --specs=nano.specs -mfloat-abi=soft -mthumb -o "Inc/usart.o"
arm-none-eabi-gcc "../Inc/usart_rx_interrupt.c" -mcpu=cortex-m3 -std=gnu11 -g3 -DDEBUG -DSTM32 -DSTM32F1 -DSTM32F103C6Tx -c -I../Inc -I"D:/Project STMf103c6/STM32F103C6 LIBRARY/Drivers/CMSIS/Core/Include" -I"D:/Project STMf103c6/STM32F103C6 LIBRARY/Drivers/CMSIS/Device/ST/STM32F1xx" -I"D:/Project STMf103c6/STM32F103C6 LIBRARY/Drivers/CMSIS/Device/ST/STM32F1xx/Include" -O0 -ffunction-sections -fdata-sections -Wall -fstack-usage -MMD -MP -MF"Inc/usart_rx_interrupt.d" -MT"Inc/usart_rx_interrupt.o" --specs=nano.specs -mfloat-abi=soft -mthumb -o "Inc/usart_rx_interrupt.o"
../Inc/usart_rx_interrupt.c:41:6: error: conflicting types for 'usart_get_string_isr'
   41 | void usart_get_string_isr(uint16_t usart_manager[], uint8_t usart_data[])
      |      ^~~~~~~~~~~~~~~~~~~~
In file included from ../Inc/usart_rx_interrupt.c:7:
../Inc/usart_rx_interrupt.h:14:6: note: previous declaration of 'usart_get_string_isr' was here
   14 | void usart_get_string_isr(uint8_t * signal, uint8_t * counter, uint8_t str[],uint8_t terminator_char);
      |      ^~~~~~~~~~~~~~~~~~~~
../Src/main.c: In function 'main':
../Src/main.c:42:2: warning: implicit declaration of function 'init_systick_delay' [-Wimplicit-function-declaration]
   42 |  init_systick_delay();
      |  ^~~~~~~~~~~~~~~~~~
../Src/main.c:51:3: warning: implicit declaration of function 'delayms'; did you mean 'delay_ms'? [-Wimplicit-function-declaration]
   51 |   delayms(1000);
      |   ^~~~~~~
      |   delay_ms
make: *** [Inc/subdir.mk:37: Inc/usart_rx_interrupt.o] Error 1
make: *** Waiting for unfinished jobs....
"make -j8 all" terminated with exit code 2. Build might be incomplete.
22:28:53 **** Incremental Build of configuration Debug for project STM32F103C6 LIBRARY ****
make -j8 all 
arm-none-eabi-gcc "../Src/main.c" -mcpu=cortex-m3 -std=gnu11 -g3 -DDEBUG -DSTM32 -DSTM32F1 -DSTM32F103C6Tx -c -I../Inc -I"D:/Project STMf103c6/STM32F103C6 LIBRARY/Drivers/CMSIS/Core/Include" -I"D:/Project STMf103c6/STM32F103C6 LIBRARY/Drivers/CMSIS/Device/ST/STM32F1xx" -I"D:/Project STMf103c6/STM32F103C6 LIBRARY/Drivers/CMSIS/Device/ST/STM32F1xx/Include" -O0 -ffunction-sections -fdata-sections -Wall -fstack-usage -MMD -MP -MF"Src/main.d" -MT"Src/main.o" --specs=nano.specs -mfloat-abi=soft -mthumb -o "Src/main.o"
arm-none-eabi-gcc "../Inc/usart_rx_interrupt.c" -mcpu=cortex-m3 -std=gnu11 -g3 -DDEBUG -DSTM32 -DSTM32F1 -DSTM32F103C6Tx -c -I../Inc -I"D:/Project STMf103c6/STM32F103C6 LIBRARY/Drivers/CMSIS/Core/Include" -I"D:/Project STMf103c6/STM32F103C6 LIBRARY/Drivers/CMSIS/Device/ST/STM32F1xx" -I"D:/Project STMf103c6/STM32F103C6 LIBRARY/Drivers/CMSIS/Device/ST/STM32F1xx/Include" -O0 -ffunction-sections -fdata-sections -Wall -fstack-usage -MMD -MP -MF"Inc/usart_rx_interrupt.d" -MT"Inc/usart_rx_interrupt.o" --specs=nano.specs -mfloat-abi=soft -mthumb -o "Inc/usart_rx_interrupt.o"
../Inc/usart_rx_interrupt.c:41:6: error: conflicting types for 'usart_get_string_isr'
   41 | void usart_get_string_isr(uint16_t usart_manager[], uint8_t usart_data[])
      |      ^~~~~~~~~~~~~~~~~~~~
In file included from ../Inc/usart_rx_interrupt.c:7:
../Inc/usart_rx_interrupt.h:14:6: note: previous declaration of 'usart_get_string_isr' was here
   14 | void usart_get_string_isr(uint8_t * signal, uint8_t * counter, uint8_t str[],uint8_t terminator_char);
      |      ^~~~~~~~~~~~~~~~~~~~
make: *** [Inc/subdir.mk:37: Inc/usart_rx_interrupt.o] Error 1
make: *** Waiting for unfinished jobs....
"make -j8 all" terminated with exit code 2. Build might be incomplete.
22:29:17 **** Incremental Build of configuration Debug for project STM32F103C6 LIBRARY ****
make -j8 all 
arm-none-eabi-gcc "../Src/main.c" -mcpu=cortex-m3 -std=gnu11 -g3 -DDEBUG -DSTM32 -DSTM32F1 -DSTM32F103C6Tx -c -I../Inc -I"D:/Project STMf103c6/STM32F103C6 LIBRARY/Drivers/CMSIS/Core/Include" -I"D:/Project STMf103c6/STM32F103C6 LIBRARY/Drivers/CMSIS/Device/ST/STM32F1xx" -I"D:/Project STMf103c6/STM32F103C6 LIBRARY/Drivers/CMSIS/Device/ST/STM32F1xx/Include" -O0 -ffunction-sections -fdata-sections -Wall -fstack-usage -MMD -MP -MF"Src/main.d" -MT"Src/main.o" --specs=nano.specs -mfloat-abi=soft -mthumb -o "Src/main.o"
arm-none-eabi-gcc "../Inc/usart_rx_interrupt.c" -mcpu=cortex-m3 -std=gnu11 -g3 -DDEBUG -DSTM32 -DSTM32F1 -DSTM32F103C6Tx -c -I../Inc -I"D:/Project STMf103c6/STM32F103C6 LIBRARY/Drivers/CMSIS/Core/Include" -I"D:/Project STMf103c6/STM32F103C6 LIBRARY/Drivers/CMSIS/Device/ST/STM32F1xx" -I"D:/Project STMf103c6/STM32F103C6 LIBRARY/Drivers/CMSIS/Device/ST/STM32F1xx/Include" -O0 -ffunction-sections -fdata-sections -Wall -fstack-usage -MMD -MP -MF"Inc/usart_rx_interrupt.d" -MT"Inc/usart_rx_interrupt.o" --specs=nano.specs -mfloat-abi=soft -mthumb -o "Inc/usart_rx_interrupt.o"
arm-none-eabi-gcc -o "STM32F103C6 LIBRARY.elf" @"objects.list"   -mcpu=cortex-m3 -T"D:\Project STMf103c6\STM32F103C6 LIBRARY\STM32F103C6TX_FLASH.ld" --specs=nosys.specs -Wl,-Map="STM32F103C6 LIBRARY.map" -Wl,--gc-sections -static --specs=nano.specs -mfloat-abi=soft -mthumb -Wl,--start-group -lc -lm -Wl,--end-group
Finished building target: STM32F103C6 LIBRARY.elf
 
arm-none-eabi-size   STM32F103C6\ LIBRARY.elf 
arm-none-eabi-objdump -h -S  STM32F103C6\ LIBRARY.elf  > "STM32F103C6 LIBRARY.list"
arm-none-eabi-objcopy  -O ihex  STM32F103C6\ LIBRARY.elf  "STM32F103C6 LIBRARY.hex"
arm-none-eabi-objcopy  -O binary  STM32F103C6\ LIBRARY.elf  "STM32F103C6 LIBRARY.bin"
   text	   data	    bss	    dec	    hex	filename
   4448	      8	   1568	   6024	   1788	STM32F103C6 LIBRARY.elf
Finished building: default.size.stdout
 
Finished building: STM32F103C6 LIBRARY.hex
Finished building: STM32F103C6 LIBRARY.bin
Finished building: STM32F103C6 LIBRARY.list
 
 
 
22:29:25 **** Incremental Build of configuration Debug for project STM32F103C6 LIBRARY ****
make -j8 all 
arm-none-eabi-size   STM32F103C6\ LIBRARY.elf 
   text	   data	    bss	    dec	    hex	filename
   4448	      8	   1568	   6024	   1788	STM32F103C6 LIBRARY.elf
Finished building: default.size.stdout
 
22:29:41 **** Incremental Build of configuration Debug for project STM32F103C6 LIBRARY ****
make -j8 all 
arm-none-eabi-size   STM32F103C6\ LIBRARY.elf 
   text	   data	    bss	    dec	    hex	filename
   4448	      8	   1568	   6024	   1788	STM32F103C6 LIBRARY.elf
Finished building: default.size.stdout
 
22:32:21 **** Incremental Build of configuration Debug for project STM32F103C6 LIBRARY ****
make -j8 all 
arm-none-eabi-gcc "../Src/main.c" -mcpu=cortex-m3 -std=gnu11 -g3 -DDEBUG -DSTM32 -DSTM32F1 -DSTM32F103C6Tx -c -I../Inc -I"D:/Project STMf103c6/STM32F103C6 LIBRARY/Drivers/CMSIS/Core/Include" -I"D:/Project STMf103c6/STM32F103C6 LIBRARY/Drivers/CMSIS/Device/ST/STM32F1xx" -I"D:/Project STMf103c6/STM32F103C6 LIBRARY/Drivers/CMSIS/Device/ST/STM32F1xx/Include" -O0 -ffunction-sections -fdata-sections -Wall -fstack-usage -MMD -MP -MF"Src/main.d" -MT"Src/main.o" --specs=nano.specs -mfloat-abi=soft -mthumb -o "Src/main.o"
arm-none-eabi-gcc -o "STM32F103C6 LIBRARY.elf" @"objects.list"   -mcpu=cortex-m3 -T"D:\Project STMf103c6\STM32F103C6 LIBRARY\STM32F103C6TX_FLASH.ld" --specs=nosys.specs -Wl,-Map="STM32F103C6 LIBRARY.map" -Wl,--gc-sections -static --specs=nano.specs -mfloat-abi=soft -mthumb -Wl,--start-group -lc -lm -Wl,--end-group
Finished building target: STM32F103C6 LIBRARY.elf
 
arm-none-eabi-size   STM32F103C6\ LIBRARY.elf 
arm-none-eabi-objdump -h -S  STM32F103C6\ LIBRARY.elf  > "STM32F103C6 LIBRARY.list"
arm-none-eabi-objcopy  -O ihex  STM32F103C6\ LIBRARY.elf  "STM32F103C6 LIBRARY.hex"
arm-none-eabi-objcopy  -O binary  STM32F103C6\ LIBRARY.elf  "STM32F103C6 LIBRARY.bin"
   text	   data	    bss	    dec	    hex	filename
   4348	      8	   1568	   5924	   1724	STM32F103C6 LIBRARY.elf
Finished building: default.size.stdout
 
Finished building: STM32F103C6 LIBRARY.hex
Finished building: STM32F103C6 LIBRARY.bin
Finished building: STM32F103C6 LIBRARY.list
 
 
 
22:34:08 **** Incremental Build of configuration Debug for project STM32F103C6 LIBRARY ****
make -j8 all 
arm-none-eabi-gcc "../Src/main.c" -mcpu=cortex-m3 -std=gnu11 -g3 -DDEBUG -DSTM32 -DSTM32F1 -DSTM32F103C6Tx -c -I../Inc -I"D:/Project STMf103c6/STM32F103C6 LIBRARY/Drivers/CMSIS/Core/Include" -I"D:/Project STMf103c6/STM32F103C6 LIBRARY/Drivers/CMSIS/Device/ST/STM32F1xx" -I"D:/Project STMf103c6/STM32F103C6 LIBRARY/Drivers/CMSIS/Device/ST/STM32F1xx/Include" -O0 -ffunction-sections -fdata-sections -Wall -fstack-usage -MMD -MP -MF"Src/main.d" -MT"Src/main.o" --specs=nano.specs -mfloat-abi=soft -mthumb -o "Src/main.o"
arm-none-eabi-gcc -o "STM32F103C6 LIBRARY.elf" @"objects.list"   -mcpu=cortex-m3 -T"D:\Project STMf103c6\STM32F103C6 LIBRARY\STM32F103C6TX_FLASH.ld" --specs=nosys.specs -Wl,-Map="STM32F103C6 LIBRARY.map" -Wl,--gc-sections -static --specs=nano.specs -mfloat-abi=soft -mthumb -Wl,--start-group -lc -lm -Wl,--end-group
Finished building target: STM32F103C6 LIBRARY.elf
 
arm-none-eabi-size   STM32F103C6\ LIBRARY.elf 
arm-none-eabi-objdump -h -S  STM32F103C6\ LIBRARY.elf  > "STM32F103C6 LIBRARY.list"
arm-none-eabi-objcopy  -O ihex  STM32F103C6\ LIBRARY.elf  "STM32F103C6 LIBRARY.hex"
arm-none-eabi-objcopy  -O binary  STM32F103C6\ LIBRARY.elf  "STM32F103C6 LIBRARY.bin"
   text	   data	    bss	    dec	    hex	filename
   1556	      8	   1568	   3132	    c3c	STM32F103C6 LIBRARY.elf
Finished building: default.size.stdout
 
Finished building: STM32F103C6 LIBRARY.hex
Finished building: STM32F103C6 LIBRARY.bin
Finished building: STM32F103C6 LIBRARY.list
 
 
 
22:39:49 **** Incremental Build of configuration Debug for project STM32F103C6 LIBRARY ****
make -j8 all 
arm-none-eabi-gcc "../Src/main.c" -mcpu=cortex-m3 -std=gnu11 -g3 -DDEBUG -DSTM32 -DSTM32F1 -DSTM32F103C6Tx -c -I../Inc -I"D:/Project STMf103c6/STM32F103C6 LIBRARY/Drivers/CMSIS/Core/Include" -I"D:/Project STMf103c6/STM32F103C6 LIBRARY/Drivers/CMSIS/Device/ST/STM32F1xx" -I"D:/Project STMf103c6/STM32F103C6 LIBRARY/Drivers/CMSIS/Device/ST/STM32F1xx/Include" -O0 -ffunction-sections -fdata-sections -Wall -fstack-usage -MMD -MP -MF"Src/main.d" -MT"Src/main.o" --specs=nano.specs -mfloat-abi=soft -mthumb -o "Src/main.o"
arm-none-eabi-gcc "../Inc/systick_deay.c" -mcpu=cortex-m3 -std=gnu11 -g3 -DDEBUG -DSTM32 -DSTM32F1 -DSTM32F103C6Tx -c -I../Inc -I"D:/Project STMf103c6/STM32F103C6 LIBRARY/Drivers/CMSIS/Core/Include" -I"D:/Project STMf103c6/STM32F103C6 LIBRARY/Drivers/CMSIS/Device/ST/STM32F1xx" -I"D:/Project STMf103c6/STM32F103C6 LIBRARY/Drivers/CMSIS/Device/ST/STM32F1xx/Include" -O0 -ffunction-sections -fdata-sections -Wall -fstack-usage -MMD -MP -MF"Inc/systick_deay.d" -MT"Inc/systick_deay.o" --specs=nano.specs -mfloat-abi=soft -mthumb -o "Inc/systick_deay.o"
arm-none-eabi-gcc -o "STM32F103C6 LIBRARY.elf" @"objects.list"   -mcpu=cortex-m3 -T"D:\Project STMf103c6\STM32F103C6 LIBRARY\STM32F103C6TX_FLASH.ld" --specs=nosys.specs -Wl,-Map="STM32F103C6 LIBRARY.map" -Wl,--gc-sections -static --specs=nano.specs -mfloat-abi=soft -mthumb -Wl,--start-group -lc -lm -Wl,--end-group
Finished building target: STM32F103C6 LIBRARY.elf
 
arm-none-eabi-size   STM32F103C6\ LIBRARY.elf 
arm-none-eabi-objdump -h -S  STM32F103C6\ LIBRARY.elf  > "STM32F103C6 LIBRARY.list"
arm-none-eabi-objcopy  -O ihex  STM32F103C6\ LIBRARY.elf  "STM32F103C6 LIBRARY.hex"
   text	   data	    bss	    dec	    hex	filename
   1516	      8	   1568	   3092	    c14	STM32F103C6 LIBRARY.elf
arm-none-eabi-objcopy  -O binary  STM32F103C6\ LIBRARY.elf  "STM32F103C6 LIBRARY.bin"
Finished building: default.size.stdout
 
Finished building: STM32F103C6 LIBRARY.bin
Finished building: STM32F103C6 LIBRARY.hex
Finished building: STM32F103C6 LIBRARY.list
 
 
 
22:42:25 **** Incremental Build of configuration Debug for project STM32F103C6 LIBRARY ****
make -j8 all 
arm-none-eabi-gcc "../Inc/systick_deay.c" -mcpu=cortex-m3 -std=gnu11 -g3 -DDEBUG -DSTM32 -DSTM32F1 -DSTM32F103C6Tx -c -I../Inc -I"D:/Project STMf103c6/STM32F103C6 LIBRARY/Drivers/CMSIS/Core/Include" -I"D:/Project STMf103c6/STM32F103C6 LIBRARY/Drivers/CMSIS/Device/ST/STM32F1xx" -I"D:/Project STMf103c6/STM32F103C6 LIBRARY/Drivers/CMSIS/Device/ST/STM32F1xx/Include" -O0 -ffunction-sections -fdata-sections -Wall -fstack-usage -MMD -MP -MF"Inc/systick_deay.d" -MT"Inc/systick_deay.o" --specs=nano.specs -mfloat-abi=soft -mthumb -o "Inc/systick_deay.o"
arm-none-eabi-gcc -o "STM32F103C6 LIBRARY.elf" @"objects.list"   -mcpu=cortex-m3 -T"D:\Project STMf103c6\STM32F103C6 LIBRARY\STM32F103C6TX_FLASH.ld" --specs=nosys.specs -Wl,-Map="STM32F103C6 LIBRARY.map" -Wl,--gc-sections -static --specs=nano.specs -mfloat-abi=soft -mthumb -Wl,--start-group -lc -lm -Wl,--end-group
Finished building target: STM32F103C6 LIBRARY.elf
 
arm-none-eabi-size   STM32F103C6\ LIBRARY.elf 
arm-none-eabi-objdump -h -S  STM32F103C6\ LIBRARY.elf  > "STM32F103C6 LIBRARY.list"
arm-none-eabi-objcopy  -O ihex  STM32F103C6\ LIBRARY.elf  "STM32F103C6 LIBRARY.hex"
arm-none-eabi-objcopy  -O binary  STM32F103C6\ LIBRARY.elf  "STM32F103C6 LIBRARY.bin"
   text	   data	    bss	    dec	    hex	filename
   1516	      8	   1568	   3092	    c14	STM32F103C6 LIBRARY.elf
Finished building: default.size.stdout
 
Finished building: STM32F103C6 LIBRARY.hex
Finished building: STM32F103C6 LIBRARY.bin
Finished building: STM32F103C6 LIBRARY.list
 
 
 
22:42:39 **** Incremental Build of configuration Debug for project STM32F103C6 LIBRARY ****
make -j8 all 
arm-none-eabi-gcc "../Src/main.c" -mcpu=cortex-m3 -std=gnu11 -g3 -DDEBUG -DSTM32 -DSTM32F1 -DSTM32F103C6Tx -c -I../Inc -I"D:/Project STMf103c6/STM32F103C6 LIBRARY/Drivers/CMSIS/Core/Include" -I"D:/Project STMf103c6/STM32F103C6 LIBRARY/Drivers/CMSIS/Device/ST/STM32F1xx" -I"D:/Project STMf103c6/STM32F103C6 LIBRARY/Drivers/CMSIS/Device/ST/STM32F1xx/Include" -O0 -ffunction-sections -fdata-sections -Wall -fstack-usage -MMD -MP -MF"Src/main.d" -MT"Src/main.o" --specs=nano.specs -mfloat-abi=soft -mthumb -o "Src/main.o"
arm-none-eabi-gcc -o "STM32F103C6 LIBRARY.elf" @"objects.list"   -mcpu=cortex-m3 -T"D:\Project STMf103c6\STM32F103C6 LIBRARY\STM32F103C6TX_FLASH.ld" --specs=nosys.specs -Wl,-Map="STM32F103C6 LIBRARY.map" -Wl,--gc-sections -static --specs=nano.specs -mfloat-abi=soft -mthumb -Wl,--start-group -lc -lm -Wl,--end-group
Finished building target: STM32F103C6 LIBRARY.elf
 
arm-none-eabi-size   STM32F103C6\ LIBRARY.elf 
arm-none-eabi-objdump -h -S  STM32F103C6\ LIBRARY.elf  > "STM32F103C6 LIBRARY.list"
arm-none-eabi-objcopy  -O ihex  STM32F103C6\ LIBRARY.elf  "STM32F103C6 LIBRARY.hex"
arm-none-eabi-objcopy  -O binary  STM32F103C6\ LIBRARY.elf  "STM32F103C6 LIBRARY.bin"
   text	   data	    bss	    dec	    hex	filename
   1556	      8	   1568	   3132	    c3c	STM32F103C6 LIBRARY.elf
Finished building: default.size.stdout
 
Finished building: STM32F103C6 LIBRARY.hex
Finished building: STM32F103C6 LIBRARY.bin
Finished building: STM32F103C6 LIBRARY.list
 
 
 
22:43:16 **** Incremental Build of configuration Debug for project STM32F103C6 LIBRARY ****
make -j8 all 
arm-none-eabi-size   STM32F103C6\ LIBRARY.elf 
   text	   data	    bss	    dec	    hex	filename
   1556	      8	   1568	   3132	    c3c	STM32F103C6 LIBRARY.elf
Finished building: default.size.stdout
 
22:47:04 **** Incremental Build of configuration Debug for project STM32F103C6 LIBRARY ****
make -j8 all 
arm-none-eabi-gcc "../Src/main.c" -mcpu=cortex-m3 -std=gnu11 -g3 -DDEBUG -DSTM32 -DSTM32F1 -DSTM32F103C6Tx -c -I../Inc -I"D:/Project STMf103c6/STM32F103C6 LIBRARY/Drivers/CMSIS/Core/Include" -I"D:/Project STMf103c6/STM32F103C6 LIBRARY/Drivers/CMSIS/Device/ST/STM32F1xx" -I"D:/Project STMf103c6/STM32F103C6 LIBRARY/Drivers/CMSIS/Device/ST/STM32F1xx/Include" -O0 -ffunction-sections -fdata-sections -Wall -fstack-usage -MMD -MP -MF"Src/main.d" -MT"Src/main.o" --specs=nano.specs -mfloat-abi=soft -mthumb -o "Src/main.o"
../Src/main.c: In function 'main':
../Src/main.c:43:2: warning: implicit declaration of function 'init_systick_interrupt'; did you mean 'init_usart_rx_interrupt'? [-Wimplicit-function-declaration]
   43 |  init_systick_interrupt(1000);
      |  ^~~~~~~~~~~~~~~~~~~~~~
      |  init_usart_rx_interrupt
arm-none-eabi-gcc -o "STM32F103C6 LIBRARY.elf" @"objects.list"   -mcpu=cortex-m3 -T"D:\Project STMf103c6\STM32F103C6 LIBRARY\STM32F103C6TX_FLASH.ld" --specs=nosys.specs -Wl,-Map="STM32F103C6 LIBRARY.map" -Wl,--gc-sections -static --specs=nano.specs -mfloat-abi=soft -mthumb -Wl,--start-group -lc -lm -Wl,--end-group
Finished building target: STM32F103C6 LIBRARY.elf
 
arm-none-eabi-size   STM32F103C6\ LIBRARY.elf 
arm-none-eabi-objdump -h -S  STM32F103C6\ LIBRARY.elf  > "STM32F103C6 LIBRARY.list"
arm-none-eabi-objcopy  -O ihex  STM32F103C6\ LIBRARY.elf  "STM32F103C6 LIBRARY.hex"
arm-none-eabi-objcopy  -O binary  STM32F103C6\ LIBRARY.elf  "STM32F103C6 LIBRARY.bin"
   text	   data	    bss	    dec	    hex	filename
   1548	      8	   1568	   3124	    c34	STM32F103C6 LIBRARY.elf
Finished building: default.size.stdout
 
Finished building: STM32F103C6 LIBRARY.hex
Finished building: STM32F103C6 LIBRARY.bin
Finished building: STM32F103C6 LIBRARY.list
 
 
 
22:47:12 **** Incremental Build of configuration Debug for project STM32F103C6 LIBRARY ****
make -j8 all 
arm-none-eabi-gcc "../Src/main.c" -mcpu=cortex-m3 -std=gnu11 -g3 -DDEBUG -DSTM32 -DSTM32F1 -DSTM32F103C6Tx -c -I../Inc -I"D:/Project STMf103c6/STM32F103C6 LIBRARY/Drivers/CMSIS/Core/Include" -I"D:/Project STMf103c6/STM32F103C6 LIBRARY/Drivers/CMSIS/Device/ST/STM32F1xx" -I"D:/Project STMf103c6/STM32F103C6 LIBRARY/Drivers/CMSIS/Device/ST/STM32F1xx/Include" -O0 -ffunction-sections -fdata-sections -Wall -fstack-usage -MMD -MP -MF"Src/main.d" -MT"Src/main.o" --specs=nano.specs -mfloat-abi=soft -mthumb -o "Src/main.o"
../Src/main.c: In function 'main':
../Src/main.c:42:2: warning: implicit declaration of function 'init_systick_delay'; did you mean 'init_systick_interrupt'? [-Wimplicit-function-declaration]
   42 |  init_systick_delay();
      |  ^~~~~~~~~~~~~~~~~~
      |  init_systick_interrupt
arm-none-eabi-gcc -o "STM32F103C6 LIBRARY.elf" @"objects.list"   -mcpu=cortex-m3 -T"D:\Project STMf103c6\STM32F103C6 LIBRARY\STM32F103C6TX_FLASH.ld" --specs=nosys.specs -Wl,-Map="STM32F103C6 LIBRARY.map" -Wl,--gc-sections -static --specs=nano.specs -mfloat-abi=soft -mthumb -Wl,--start-group -lc -lm -Wl,--end-group
Finished building target: STM32F103C6 LIBRARY.elf
 
arm-none-eabi-size   STM32F103C6\ LIBRARY.elf 
arm-none-eabi-objdump -h -S  STM32F103C6\ LIBRARY.elf  > "STM32F103C6 LIBRARY.list"
arm-none-eabi-objcopy  -O ihex  STM32F103C6\ LIBRARY.elf  "STM32F103C6 LIBRARY.hex"
   text	   data	    bss	    dec	    hex	filename
   1548	      8	   1568	   3124	    c34	STM32F103C6 LIBRARY.elf
arm-none-eabi-objcopy  -O binary  STM32F103C6\ LIBRARY.elf  "STM32F103C6 LIBRARY.bin"
Finished building: default.size.stdout
 
Finished building: STM32F103C6 LIBRARY.hex
Finished building: STM32F103C6 LIBRARY.bin
Finished building: STM32F103C6 LIBRARY.list
 
 
 
22:47:28 **** Incremental Build of configuration Debug for project STM32F103C6 LIBRARY ****
make -j8 all 
arm-none-eabi-size   STM32F103C6\ LIBRARY.elf 
   text	   data	    bss	    dec	    hex	filename
   1548	      8	   1568	   3124	    c34	STM32F103C6 LIBRARY.elf
Finished building: default.size.stdout
 
22:48:23 **** Incremental Build of configuration Debug for project STM32F103C6 LIBRARY ****
make -j8 all 
arm-none-eabi-gcc "../Src/main.c" -mcpu=cortex-m3 -std=gnu11 -g3 -DDEBUG -DSTM32 -DSTM32F1 -DSTM32F103C6Tx -c -I../Inc -I"D:/Project STMf103c6/STM32F103C6 LIBRARY/Drivers/CMSIS/Core/Include" -I"D:/Project STMf103c6/STM32F103C6 LIBRARY/Drivers/CMSIS/Device/ST/STM32F1xx" -I"D:/Project STMf103c6/STM32F103C6 LIBRARY/Drivers/CMSIS/Device/ST/STM32F1xx/Include" -O0 -ffunction-sections -fdata-sections -Wall -fstack-usage -MMD -MP -MF"Src/main.d" -MT"Src/main.o" --specs=nano.specs -mfloat-abi=soft -mthumb -o "Src/main.o"
arm-none-eabi-gcc -o "STM32F103C6 LIBRARY.elf" @"objects.list"   -mcpu=cortex-m3 -T"D:\Project STMf103c6\STM32F103C6 LIBRARY\STM32F103C6TX_FLASH.ld" --specs=nosys.specs -Wl,-Map="STM32F103C6 LIBRARY.map" -Wl,--gc-sections -static --specs=nano.specs -mfloat-abi=soft -mthumb -Wl,--start-group -lc -lm -Wl,--end-group
Finished building target: STM32F103C6 LIBRARY.elf
 
arm-none-eabi-size   STM32F103C6\ LIBRARY.elf 
arm-none-eabi-objdump -h -S  STM32F103C6\ LIBRARY.elf  > "STM32F103C6 LIBRARY.list"
arm-none-eabi-objcopy  -O ihex  STM32F103C6\ LIBRARY.elf  "STM32F103C6 LIBRARY.hex"
arm-none-eabi-objcopy  -O binary  STM32F103C6\ LIBRARY.elf  "STM32F103C6 LIBRARY.bin"
   text	   data	    bss	    dec	    hex	filename
   1500	      8	   1568	   3076	    c04	STM32F103C6 LIBRARY.elf
Finished building: default.size.stdout
 
Finished building: STM32F103C6 LIBRARY.hex
Finished building: STM32F103C6 LIBRARY.bin
Finished building: STM32F103C6 LIBRARY.list
 
 
 
22:48:39 **** Incremental Build of configuration Debug for project STM32F103C6 LIBRARY ****
make -j8 all 
arm-none-eabi-gcc "../Src/main.c" -mcpu=cortex-m3 -std=gnu11 -g3 -DDEBUG -DSTM32 -DSTM32F1 -DSTM32F103C6Tx -c -I../Inc -I"D:/Project STMf103c6/STM32F103C6 LIBRARY/Drivers/CMSIS/Core/Include" -I"D:/Project STMf103c6/STM32F103C6 LIBRARY/Drivers/CMSIS/Device/ST/STM32F1xx" -I"D:/Project STMf103c6/STM32F103C6 LIBRARY/Drivers/CMSIS/Device/ST/STM32F1xx/Include" -O0 -ffunction-sections -fdata-sections -Wall -fstack-usage -MMD -MP -MF"Src/main.d" -MT"Src/main.o" --specs=nano.specs -mfloat-abi=soft -mthumb -o "Src/main.o"
arm-none-eabi-gcc -o "STM32F103C6 LIBRARY.elf" @"objects.list"   -mcpu=cortex-m3 -T"D:\Project STMf103c6\STM32F103C6 LIBRARY\STM32F103C6TX_FLASH.ld" --specs=nosys.specs -Wl,-Map="STM32F103C6 LIBRARY.map" -Wl,--gc-sections -static --specs=nano.specs -mfloat-abi=soft -mthumb -Wl,--start-group -lc -lm -Wl,--end-group
Finished building target: STM32F103C6 LIBRARY.elf
 
arm-none-eabi-size   STM32F103C6\ LIBRARY.elf 
arm-none-eabi-objdump -h -S  STM32F103C6\ LIBRARY.elf  > "STM32F103C6 LIBRARY.list"
arm-none-eabi-objcopy  -O ihex  STM32F103C6\ LIBRARY.elf  "STM32F103C6 LIBRARY.hex"
arm-none-eabi-objcopy  -O binary  STM32F103C6\ LIBRARY.elf  "STM32F103C6 LIBRARY.bin"
   text	   data	    bss	    dec	    hex	filename
   1500	      8	   1568	   3076	    c04	STM32F103C6 LIBRARY.elf
Finished building: default.size.stdout
 
Finished building: STM32F103C6 LIBRARY.hex
Finished building: STM32F103C6 LIBRARY.bin
Finished building: STM32F103C6 LIBRARY.list
 
 
 
22:48:46 **** Incremental Build of configuration Debug for project STM32F103C6 LIBRARY ****
make -j8 all 
arm-none-eabi-gcc "../Src/main.c" -mcpu=cortex-m3 -std=gnu11 -g3 -DDEBUG -DSTM32 -DSTM32F1 -DSTM32F103C6Tx -c -I../Inc -I"D:/Project STMf103c6/STM32F103C6 LIBRARY/Drivers/CMSIS/Core/Include" -I"D:/Project STMf103c6/STM32F103C6 LIBRARY/Drivers/CMSIS/Device/ST/STM32F1xx" -I"D:/Project STMf103c6/STM32F103C6 LIBRARY/Drivers/CMSIS/Device/ST/STM32F1xx/Include" -O0 -ffunction-sections -fdata-sections -Wall -fstack-usage -MMD -MP -MF"Src/main.d" -MT"Src/main.o" --specs=nano.specs -mfloat-abi=soft -mthumb -o "Src/main.o"
arm-none-eabi-gcc -o "STM32F103C6 LIBRARY.elf" @"objects.list"   -mcpu=cortex-m3 -T"D:\Project STMf103c6\STM32F103C6 LIBRARY\STM32F103C6TX_FLASH.ld" --specs=nosys.specs -Wl,-Map="STM32F103C6 LIBRARY.map" -Wl,--gc-sections -static --specs=nano.specs -mfloat-abi=soft -mthumb -Wl,--start-group -lc -lm -Wl,--end-group
Finished building target: STM32F103C6 LIBRARY.elf
 
arm-none-eabi-size   STM32F103C6\ LIBRARY.elf 
arm-none-eabi-objdump -h -S  STM32F103C6\ LIBRARY.elf  > "STM32F103C6 LIBRARY.list"
arm-none-eabi-objcopy  -O ihex  STM32F103C6\ LIBRARY.elf  "STM32F103C6 LIBRARY.hex"
arm-none-eabi-objcopy  -O binary  STM32F103C6\ LIBRARY.elf  "STM32F103C6 LIBRARY.bin"
   text	   data	    bss	    dec	    hex	filename
   1500	      8	   1568	   3076	    c04	STM32F103C6 LIBRARY.elf
Finished building: default.size.stdout
 
Finished building: STM32F103C6 LIBRARY.hex
Finished building: STM32F103C6 LIBRARY.bin
Finished building: STM32F103C6 LIBRARY.list
 
 
 
22:50:05 **** Incremental Build of configuration Debug for project STM32F103C6 LIBRARY ****
make -j8 all 
arm-none-eabi-gcc "../Src/main.c" -mcpu=cortex-m3 -std=gnu11 -g3 -DDEBUG -DSTM32 -DSTM32F1 -DSTM32F103C6Tx -c -I../Inc -I"D:/Project STMf103c6/STM32F103C6 LIBRARY/Drivers/CMSIS/Core/Include" -I"D:/Project STMf103c6/STM32F103C6 LIBRARY/Drivers/CMSIS/Device/ST/STM32F1xx" -I"D:/Project STMf103c6/STM32F103C6 LIBRARY/Drivers/CMSIS/Device/ST/STM32F1xx/Include" -O0 -ffunction-sections -fdata-sections -Wall -fstack-usage -MMD -MP -MF"Src/main.d" -MT"Src/main.o" --specs=nano.specs -mfloat-abi=soft -mthumb -o "Src/main.o"
arm-none-eabi-gcc -o "STM32F103C6 LIBRARY.elf" @"objects.list"   -mcpu=cortex-m3 -T"D:\Project STMf103c6\STM32F103C6 LIBRARY\STM32F103C6TX_FLASH.ld" --specs=nosys.specs -Wl,-Map="STM32F103C6 LIBRARY.map" -Wl,--gc-sections -static --specs=nano.specs -mfloat-abi=soft -mthumb -Wl,--start-group -lc -lm -Wl,--end-group
Finished building target: STM32F103C6 LIBRARY.elf
 
arm-none-eabi-size   STM32F103C6\ LIBRARY.elf 
arm-none-eabi-objdump -h -S  STM32F103C6\ LIBRARY.elf  > "STM32F103C6 LIBRARY.list"
arm-none-eabi-objcopy  -O ihex  STM32F103C6\ LIBRARY.elf  "STM32F103C6 LIBRARY.hex"
arm-none-eabi-objcopy  -O binary  STM32F103C6\ LIBRARY.elf  "STM32F103C6 LIBRARY.bin"
   text	   data	    bss	    dec	    hex	filename
   1408	      8	   1568	   2984	    ba8	STM32F103C6 LIBRARY.elf
Finished building: default.size.stdout
 
Finished building: STM32F103C6 LIBRARY.hex
Finished building: STM32F103C6 LIBRARY.bin
Finished building: STM32F103C6 LIBRARY.list
 
 
 
22:50:15 **** Incremental Build of configuration Debug for project STM32F103C6 LIBRARY ****
make -j8 all 
arm-none-eabi-gcc "../Src/main.c" -mcpu=cortex-m3 -std=gnu11 -g3 -DDEBUG -DSTM32 -DSTM32F1 -DSTM32F103C6Tx -c -I../Inc -I"D:/Project STMf103c6/STM32F103C6 LIBRARY/Drivers/CMSIS/Core/Include" -I"D:/Project STMf103c6/STM32F103C6 LIBRARY/Drivers/CMSIS/Device/ST/STM32F1xx" -I"D:/Project STMf103c6/STM32F103C6 LIBRARY/Drivers/CMSIS/Device/ST/STM32F1xx/Include" -O0 -ffunction-sections -fdata-sections -Wall -fstack-usage -MMD -MP -MF"Src/main.d" -MT"Src/main.o" --specs=nano.specs -mfloat-abi=soft -mthumb -o "Src/main.o"
arm-none-eabi-gcc -o "STM32F103C6 LIBRARY.elf" @"objects.list"   -mcpu=cortex-m3 -T"D:\Project STMf103c6\STM32F103C6 LIBRARY\STM32F103C6TX_FLASH.ld" --specs=nosys.specs -Wl,-Map="STM32F103C6 LIBRARY.map" -Wl,--gc-sections -static --specs=nano.specs -mfloat-abi=soft -mthumb -Wl,--start-group -lc -lm -Wl,--end-group
Finished building target: STM32F103C6 LIBRARY.elf
 
arm-none-eabi-size   STM32F103C6\ LIBRARY.elf 
arm-none-eabi-objdump -h -S  STM32F103C6\ LIBRARY.elf  > "STM32F103C6 LIBRARY.list"
arm-none-eabi-objcopy  -O ihex  STM32F103C6\ LIBRARY.elf  "STM32F103C6 LIBRARY.hex"
arm-none-eabi-objcopy  -O binary  STM32F103C6\ LIBRARY.elf  "STM32F103C6 LIBRARY.bin"
   text	   data	    bss	    dec	    hex	filename
   1416	      8	   1568	   2992	    bb0	STM32F103C6 LIBRARY.elf
Finished building: default.size.stdout
 
Finished building: STM32F103C6 LIBRARY.hex
Finished building: STM32F103C6 LIBRARY.bin
Finished building: STM32F103C6 LIBRARY.list
 
 
 
22:51:04 **** Incremental Build of configuration Debug for project STM32F103C6 LIBRARY ****
make -j8 all 
arm-none-eabi-gcc "../Src/main.c" -mcpu=cortex-m3 -std=gnu11 -g3 -DDEBUG -DSTM32 -DSTM32F1 -DSTM32F103C6Tx -c -I../Inc -I"D:/Project STMf103c6/STM32F103C6 LIBRARY/Drivers/CMSIS/Core/Include" -I"D:/Project STMf103c6/STM32F103C6 LIBRARY/Drivers/CMSIS/Device/ST/STM32F1xx" -I"D:/Project STMf103c6/STM32F103C6 LIBRARY/Drivers/CMSIS/Device/ST/STM32F1xx/Include" -O0 -ffunction-sections -fdata-sections -Wall -fstack-usage -MMD -MP -MF"Src/main.d" -MT"Src/main.o" --specs=nano.specs -mfloat-abi=soft -mthumb -o "Src/main.o"
arm-none-eabi-gcc -o "STM32F103C6 LIBRARY.elf" @"objects.list"   -mcpu=cortex-m3 -T"D:\Project STMf103c6\STM32F103C6 LIBRARY\STM32F103C6TX_FLASH.ld" --specs=nosys.specs -Wl,-Map="STM32F103C6 LIBRARY.map" -Wl,--gc-sections -static --specs=nano.specs -mfloat-abi=soft -mthumb -Wl,--start-group -lc -lm -Wl,--end-group
Finished building target: STM32F103C6 LIBRARY.elf
 
arm-none-eabi-size   STM32F103C6\ LIBRARY.elf 
arm-none-eabi-objdump -h -S  STM32F103C6\ LIBRARY.elf  > "STM32F103C6 LIBRARY.list"
arm-none-eabi-objcopy  -O ihex  STM32F103C6\ LIBRARY.elf  "STM32F103C6 LIBRARY.hex"
arm-none-eabi-objcopy  -O binary  STM32F103C6\ LIBRARY.elf  "STM32F103C6 LIBRARY.bin"
   text	   data	    bss	    dec	    hex	filename
   1416	      8	   1568	   2992	    bb0	STM32F103C6 LIBRARY.elf
Finished building: default.size.stdout
 
Finished building: STM32F103C6 LIBRARY.hex
Finished building: STM32F103C6 LIBRARY.bin
Finished building: STM32F103C6 LIBRARY.list
 
 
 
22:52:17 **** Incremental Build of configuration Debug for project STM32F103C6 LIBRARY ****
make -j8 all 
arm-none-eabi-gcc "../Src/main.c" -mcpu=cortex-m3 -std=gnu11 -g3 -DDEBUG -DSTM32 -DSTM32F1 -DSTM32F103C6Tx -c -I../Inc -I"D:/Project STMf103c6/STM32F103C6 LIBRARY/Drivers/CMSIS/Core/Include" -I"D:/Project STMf103c6/STM32F103C6 LIBRARY/Drivers/CMSIS/Device/ST/STM32F1xx" -I"D:/Project STMf103c6/STM32F103C6 LIBRARY/Drivers/CMSIS/Device/ST/STM32F1xx/Include" -O0 -ffunction-sections -fdata-sections -Wall -fstack-usage -MMD -MP -MF"Src/main.d" -MT"Src/main.o" --specs=nano.specs -mfloat-abi=soft -mthumb -o "Src/main.o"
arm-none-eabi-gcc -o "STM32F103C6 LIBRARY.elf" @"objects.list"   -mcpu=cortex-m3 -T"D:\Project STMf103c6\STM32F103C6 LIBRARY\STM32F103C6TX_FLASH.ld" --specs=nosys.specs -Wl,-Map="STM32F103C6 LIBRARY.map" -Wl,--gc-sections -static --specs=nano.specs -mfloat-abi=soft -mthumb -Wl,--start-group -lc -lm -Wl,--end-group
Finished building target: STM32F103C6 LIBRARY.elf
 
arm-none-eabi-size   STM32F103C6\ LIBRARY.elf 
arm-none-eabi-objdump -h -S  STM32F103C6\ LIBRARY.elf  > "STM32F103C6 LIBRARY.list"
arm-none-eabi-objcopy  -O ihex  STM32F103C6\ LIBRARY.elf  "STM32F103C6 LIBRARY.hex"
arm-none-eabi-objcopy  -O binary  STM32F103C6\ LIBRARY.elf  "STM32F103C6 LIBRARY.bin"
   text	   data	    bss	    dec	    hex	filename
   1432	      8	   1568	   3008	    bc0	STM32F103C6 LIBRARY.elf
Finished building: default.size.stdout
 
Finished building: STM32F103C6 LIBRARY.hex
Finished building: STM32F103C6 LIBRARY.bin
Finished building: STM32F103C6 LIBRARY.list
 
 
 
22:53:51 **** Incremental Build of configuration Debug for project STM32F103C6 LIBRARY ****
make -j8 all 
arm-none-eabi-gcc "../Src/main.c" -mcpu=cortex-m3 -std=gnu11 -g3 -DDEBUG -DSTM32 -DSTM32F1 -DSTM32F103C6Tx -c -I../Inc -I"D:/Project STMf103c6/STM32F103C6 LIBRARY/Drivers/CMSIS/Core/Include" -I"D:/Project STMf103c6/STM32F103C6 LIBRARY/Drivers/CMSIS/Device/ST/STM32F1xx" -I"D:/Project STMf103c6/STM32F103C6 LIBRARY/Drivers/CMSIS/Device/ST/STM32F1xx/Include" -O0 -ffunction-sections -fdata-sections -Wall -fstack-usage -MMD -MP -MF"Src/main.d" -MT"Src/main.o" --specs=nano.specs -mfloat-abi=soft -mthumb -o "Src/main.o"
arm-none-eabi-gcc -o "STM32F103C6 LIBRARY.elf" @"objects.list"   -mcpu=cortex-m3 -T"D:\Project STMf103c6\STM32F103C6 LIBRARY\STM32F103C6TX_FLASH.ld" --specs=nosys.specs -Wl,-Map="STM32F103C6 LIBRARY.map" -Wl,--gc-sections -static --specs=nano.specs -mfloat-abi=soft -mthumb -Wl,--start-group -lc -lm -Wl,--end-group
Finished building target: STM32F103C6 LIBRARY.elf
 
arm-none-eabi-size   STM32F103C6\ LIBRARY.elf 
arm-none-eabi-objdump -h -S  STM32F103C6\ LIBRARY.elf  > "STM32F103C6 LIBRARY.list"
arm-none-eabi-objcopy  -O ihex  STM32F103C6\ LIBRARY.elf  "STM32F103C6 LIBRARY.hex"
arm-none-eabi-objcopy  -O binary  STM32F103C6\ LIBRARY.elf  "STM32F103C6 LIBRARY.bin"
   text	   data	    bss	    dec	    hex	filename
   1508	      8	   1568	   3084	    c0c	STM32F103C6 LIBRARY.elf
Finished building: default.size.stdout
 
Finished building: STM32F103C6 LIBRARY.hex
Finished building: STM32F103C6 LIBRARY.bin
Finished building: STM32F103C6 LIBRARY.list
 
 
 
23:19:09 **** Incremental Build of configuration Debug for project STM32F103C6 LIBRARY ****
make -j8 all 
arm-none-eabi-gcc "../Src/main.c" -mcpu=cortex-m3 -std=gnu11 -g3 -DDEBUG -DSTM32 -DSTM32F1 -DSTM32F103C6Tx -c -I../Inc -I"D:/Project STMf103c6/STM32F103C6 LIBRARY/Drivers/CMSIS/Core/Include" -I"D:/Project STMf103c6/STM32F103C6 LIBRARY/Drivers/CMSIS/Device/ST/STM32F1xx" -I"D:/Project STMf103c6/STM32F103C6 LIBRARY/Drivers/CMSIS/Device/ST/STM32F1xx/Include" -O0 -ffunction-sections -fdata-sections -Wall -fstack-usage -MMD -MP -MF"Src/main.d" -MT"Src/main.o" --specs=nano.specs -mfloat-abi=soft -mthumb -o "Src/main.o"
arm-none-eabi-gcc "../Inc/gpio.c" -mcpu=cortex-m3 -std=gnu11 -g3 -DDEBUG -DSTM32 -DSTM32F1 -DSTM32F103C6Tx -c -I../Inc -I"D:/Project STMf103c6/STM32F103C6 LIBRARY/Drivers/CMSIS/Core/Include" -I"D:/Project STMf103c6/STM32F103C6 LIBRARY/Drivers/CMSIS/Device/ST/STM32F1xx" -I"D:/Project STMf103c6/STM32F103C6 LIBRARY/Drivers/CMSIS/Device/ST/STM32F1xx/Include" -O0 -ffunction-sections -fdata-sections -Wall -fstack-usage -MMD -MP -MF"Inc/gpio.d" -MT"Inc/gpio.o" --specs=nano.specs -mfloat-abi=soft -mthumb -o "Inc/gpio.o"
arm-none-eabi-gcc "../Inc/interrupt_PA0.c" -mcpu=cortex-m3 -std=gnu11 -g3 -DDEBUG -DSTM32 -DSTM32F1 -DSTM32F103C6Tx -c -I../Inc -I"D:/Project STMf103c6/STM32F103C6 LIBRARY/Drivers/CMSIS/Core/Include" -I"D:/Project STMf103c6/STM32F103C6 LIBRARY/Drivers/CMSIS/Device/ST/STM32F1xx" -I"D:/Project STMf103c6/STM32F103C6 LIBRARY/Drivers/CMSIS/Device/ST/STM32F1xx/Include" -O0 -ffunction-sections -fdata-sections -Wall -fstack-usage -MMD -MP -MF"Inc/interrupt_PA0.d" -MT"Inc/interrupt_PA0.o" --specs=nano.specs -mfloat-abi=soft -mthumb -o "Inc/interrupt_PA0.o"
arm-none-eabi-gcc "../Inc/system_clock.c" -mcpu=cortex-m3 -std=gnu11 -g3 -DDEBUG -DSTM32 -DSTM32F1 -DSTM32F103C6Tx -c -I../Inc -I"D:/Project STMf103c6/STM32F103C6 LIBRARY/Drivers/CMSIS/Core/Include" -I"D:/Project STMf103c6/STM32F103C6 LIBRARY/Drivers/CMSIS/Device/ST/STM32F1xx" -I"D:/Project STMf103c6/STM32F103C6 LIBRARY/Drivers/CMSIS/Device/ST/STM32F1xx/Include" -O0 -ffunction-sections -fdata-sections -Wall -fstack-usage -MMD -MP -MF"Inc/system_clock.d" -MT"Inc/system_clock.o" --specs=nano.specs -mfloat-abi=soft -mthumb -o "Inc/system_clock.o"
arm-none-eabi-gcc "../Inc/systick_delay.c" -mcpu=cortex-m3 -std=gnu11 -g3 -DDEBUG -DSTM32 -DSTM32F1 -DSTM32F103C6Tx -c -I../Inc -I"D:/Project STMf103c6/STM32F103C6 LIBRARY/Drivers/CMSIS/Core/Include" -I"D:/Project STMf103c6/STM32F103C6 LIBRARY/Drivers/CMSIS/Device/ST/STM32F1xx" -I"D:/Project STMf103c6/STM32F103C6 LIBRARY/Drivers/CMSIS/Device/ST/STM32F1xx/Include" -O0 -ffunction-sections -fdata-sections -Wall -fstack-usage -MMD -MP -MF"Inc/systick_delay.d" -MT"Inc/systick_delay.o" --specs=nano.specs -mfloat-abi=soft -mthumb -o "Inc/systick_delay.o"
arm-none-eabi-gcc "../Inc/systick_interrupt.c" -mcpu=cortex-m3 -std=gnu11 -g3 -DDEBUG -DSTM32 -DSTM32F1 -DSTM32F103C6Tx -c -I../Inc -I"D:/Project STMf103c6/STM32F103C6 LIBRARY/Drivers/CMSIS/Core/Include" -I"D:/Project STMf103c6/STM32F103C6 LIBRARY/Drivers/CMSIS/Device/ST/STM32F1xx" -I"D:/Project STMf103c6/STM32F103C6 LIBRARY/Drivers/CMSIS/Device/ST/STM32F1xx/Include" -O0 -ffunction-sections -fdata-sections -Wall -fstack-usage -MMD -MP -MF"Inc/systick_interrupt.d" -MT"Inc/systick_interrupt.o" --specs=nano.specs -mfloat-abi=soft -mthumb -o "Inc/systick_interrupt.o"
arm-none-eabi-gcc "../Inc/usart.c" -mcpu=cortex-m3 -std=gnu11 -g3 -DDEBUG -DSTM32 -DSTM32F1 -DSTM32F103C6Tx -c -I../Inc -I"D:/Project STMf103c6/STM32F103C6 LIBRARY/Drivers/CMSIS/Core/Include" -I"D:/Project STMf103c6/STM32F103C6 LIBRARY/Drivers/CMSIS/Device/ST/STM32F1xx" -I"D:/Project STMf103c6/STM32F103C6 LIBRARY/Drivers/CMSIS/Device/ST/STM32F1xx/Include" -O0 -ffunction-sections -fdata-sections -Wall -fstack-usage -MMD -MP -MF"Inc/usart.d" -MT"Inc/usart.o" --specs=nano.specs -mfloat-abi=soft -mthumb -o "Inc/usart.o"
arm-none-eabi-gcc "../Inc/usart_rx_interrupt.c" -mcpu=cortex-m3 -std=gnu11 -g3 -DDEBUG -DSTM32 -DSTM32F1 -DSTM32F103C6Tx -c -I../Inc -I"D:/Project STMf103c6/STM32F103C6 LIBRARY/Drivers/CMSIS/Core/Include" -I"D:/Project STMf103c6/STM32F103C6 LIBRARY/Drivers/CMSIS/Device/ST/STM32F1xx" -I"D:/Project STMf103c6/STM32F103C6 LIBRARY/Drivers/CMSIS/Device/ST/STM32F1xx/Include" -O0 -ffunction-sections -fdata-sections -Wall -fstack-usage -MMD -MP -MF"Inc/usart_rx_interrupt.d" -MT"Inc/usart_rx_interrupt.o" --specs=nano.specs -mfloat-abi=soft -mthumb -o "Inc/usart_rx_interrupt.o"
In file included from ../Src/main.c:24:
../Inc/systick_interrupt.h:11:1: warning: data definition has no type or storage class
   11 | init_systick_interrupt(uint16_t time_ms);
      | ^~~~~~~~~~~~~~~~~~~~~~
../Inc/systick_interrupt.h:11:1: warning: type defaults to 'int' in declaration of 'init_systick_interrupt' [-Wimplicit-int]
In file included from ../Inc/systick_interrupt.c:7:
../Inc/systick_interrupt.h:11:1: warning: data definition has no type or storage class
   11 | init_systick_interrupt(uint16_t time_ms);
      | ^~~~~~~~~~~~~~~~~~~~~~
../Inc/systick_interrupt.h:11:1: warning: type defaults to 'int' in declaration of 'init_systick_interrupt' [-Wimplicit-int]
../Inc/systick_interrupt.c:10:6: error: conflicting types for 'init_systick_interrupt'
   10 | void init_systick_interrupt(uint16_t time_ms){
      |      ^~~~~~~~~~~~~~~~~~~~~~
In file included from ../Inc/systick_interrupt.c:7:
../Inc/systick_interrupt.h:11:1: note: previous declaration of 'init_systick_interrupt' was here
   11 | init_systick_interrupt(uint16_t time_ms);
      | ^~~~~~~~~~~~~~~~~~~~~~
In file included from ../Inc/usart_rx_interrupt.c:8:
../Inc/systick_interrupt.h:11:1: warning: data definition has no type or storage class
   11 | init_systick_interrupt(uint16_t time_ms);
      | ^~~~~~~~~~~~~~~~~~~~~~
../Inc/systick_interrupt.h:11:1: warning: type defaults to 'int' in declaration of 'init_systick_interrupt' [-Wimplicit-int]
../Inc/usart_rx_interrupt.c: In function 'usart_get_string_isr':
../Inc/usart_rx_interrupt.c:64:25: error: expected expression before 'uint16_t'
   64 |  init_systick_interrupt(uint16_t time_ms);
      |                         ^~~~~~~~
make: *** [Inc/subdir.mk:37: Inc/systick_interrupt.o] Error 1
make: *** Waiting for unfinished jobs....
make: *** [Inc/subdir.mk:37: Inc/usart_rx_interrupt.o] Error 1
"make -j8 all" terminated with exit code 2. Build might be incomplete.
23:19:22 **** Incremental Build of configuration Debug for project STM32F103C6 LIBRARY ****
make -j8 all 
arm-none-eabi-gcc "../Src/main.c" -mcpu=cortex-m3 -std=gnu11 -g3 -DDEBUG -DSTM32 -DSTM32F1 -DSTM32F103C6Tx -c -I../Inc -I"D:/Project STMf103c6/STM32F103C6 LIBRARY/Drivers/CMSIS/Core/Include" -I"D:/Project STMf103c6/STM32F103C6 LIBRARY/Drivers/CMSIS/Device/ST/STM32F1xx" -I"D:/Project STMf103c6/STM32F103C6 LIBRARY/Drivers/CMSIS/Device/ST/STM32F1xx/Include" -O0 -ffunction-sections -fdata-sections -Wall -fstack-usage -MMD -MP -MF"Src/main.d" -MT"Src/main.o" --specs=nano.specs -mfloat-abi=soft -mthumb -o "Src/main.o"
arm-none-eabi-gcc "../Inc/systick_interrupt.c" -mcpu=cortex-m3 -std=gnu11 -g3 -DDEBUG -DSTM32 -DSTM32F1 -DSTM32F103C6Tx -c -I../Inc -I"D:/Project STMf103c6/STM32F103C6 LIBRARY/Drivers/CMSIS/Core/Include" -I"D:/Project STMf103c6/STM32F103C6 LIBRARY/Drivers/CMSIS/Device/ST/STM32F1xx" -I"D:/Project STMf103c6/STM32F103C6 LIBRARY/Drivers/CMSIS/Device/ST/STM32F1xx/Include" -O0 -ffunction-sections -fdata-sections -Wall -fstack-usage -MMD -MP -MF"Inc/systick_interrupt.d" -MT"Inc/systick_interrupt.o" --specs=nano.specs -mfloat-abi=soft -mthumb -o "Inc/systick_interrupt.o"
arm-none-eabi-gcc "../Inc/usart_rx_interrupt.c" -mcpu=cortex-m3 -std=gnu11 -g3 -DDEBUG -DSTM32 -DSTM32F1 -DSTM32F103C6Tx -c -I../Inc -I"D:/Project STMf103c6/STM32F103C6 LIBRARY/Drivers/CMSIS/Core/Include" -I"D:/Project STMf103c6/STM32F103C6 LIBRARY/Drivers/CMSIS/Device/ST/STM32F1xx" -I"D:/Project STMf103c6/STM32F103C6 LIBRARY/Drivers/CMSIS/Device/ST/STM32F1xx/Include" -O0 -ffunction-sections -fdata-sections -Wall -fstack-usage -MMD -MP -MF"Inc/usart_rx_interrupt.d" -MT"Inc/usart_rx_interrupt.o" --specs=nano.specs -mfloat-abi=soft -mthumb -o "Inc/usart_rx_interrupt.o"
../Inc/usart_rx_interrupt.c: In function 'usart_get_string_isr':
../Inc/usart_rx_interrupt.c:64:25: error: expected expression before 'uint16_t'
   64 |  init_systick_interrupt(uint16_t time_ms);
      |                         ^~~~~~~~
make: *** [Inc/subdir.mk:37: Inc/usart_rx_interrupt.o] Error 1
make: *** Waiting for unfinished jobs....
"make -j8 all" terminated with exit code 2. Build might be incomplete.
23:19:31 **** Incremental Build of configuration Debug for project STM32F103C6 LIBRARY ****
make -j8 all 
arm-none-eabi-gcc "../Inc/usart_rx_interrupt.c" -mcpu=cortex-m3 -std=gnu11 -g3 -DDEBUG -DSTM32 -DSTM32F1 -DSTM32F103C6Tx -c -I../Inc -I"D:/Project STMf103c6/STM32F103C6 LIBRARY/Drivers/CMSIS/Core/Include" -I"D:/Project STMf103c6/STM32F103C6 LIBRARY/Drivers/CMSIS/Device/ST/STM32F1xx" -I"D:/Project STMf103c6/STM32F103C6 LIBRARY/Drivers/CMSIS/Device/ST/STM32F1xx/Include" -O0 -ffunction-sections -fdata-sections -Wall -fstack-usage -MMD -MP -MF"Inc/usart_rx_interrupt.d" -MT"Inc/usart_rx_interrupt.o" --specs=nano.specs -mfloat-abi=soft -mthumb -o "Inc/usart_rx_interrupt.o"
../Inc/usart_rx_interrupt.c: In function 'usart_get_string_isr':
../Inc/usart_rx_interrupt.c:64:25: error: expected expression before 'uint16_t'
   64 |  init_systick_interrupt(uint16_t time_ms);
      |                         ^~~~~~~~
make: *** [Inc/subdir.mk:37: Inc/usart_rx_interrupt.o] Error 1
"make -j8 all" terminated with exit code 2. Build might be incomplete.
23:19:54 **** Incremental Build of configuration Debug for project STM32F103C6 LIBRARY ****
make -j8 all 
arm-none-eabi-gcc "../Inc/usart_rx_interrupt.c" -mcpu=cortex-m3 -std=gnu11 -g3 -DDEBUG -DSTM32 -DSTM32F1 -DSTM32F103C6Tx -c -I../Inc -I"D:/Project STMf103c6/STM32F103C6 LIBRARY/Drivers/CMSIS/Core/Include" -I"D:/Project STMf103c6/STM32F103C6 LIBRARY/Drivers/CMSIS/Device/ST/STM32F1xx" -I"D:/Project STMf103c6/STM32F103C6 LIBRARY/Drivers/CMSIS/Device/ST/STM32F1xx/Include" -O0 -ffunction-sections -fdata-sections -Wall -fstack-usage -MMD -MP -MF"Inc/usart_rx_interrupt.d" -MT"Inc/usart_rx_interrupt.o" --specs=nano.specs -mfloat-abi=soft -mthumb -o "Inc/usart_rx_interrupt.o"
arm-none-eabi-gcc -o "STM32F103C6 LIBRARY.elf" @"objects.list"   -mcpu=cortex-m3 -T"D:\Project STMf103c6\STM32F103C6 LIBRARY\STM32F103C6TX_FLASH.ld" --specs=nosys.specs -Wl,-Map="STM32F103C6 LIBRARY.map" -Wl,--gc-sections -static --specs=nano.specs -mfloat-abi=soft -mthumb -Wl,--start-group -lc -lm -Wl,--end-group
Finished building target: STM32F103C6 LIBRARY.elf
 
arm-none-eabi-size   STM32F103C6\ LIBRARY.elf 
arm-none-eabi-objdump -h -S  STM32F103C6\ LIBRARY.elf  > "STM32F103C6 LIBRARY.list"
arm-none-eabi-objcopy  -O ihex  STM32F103C6\ LIBRARY.elf  "STM32F103C6 LIBRARY.hex"
arm-none-eabi-objcopy  -O binary  STM32F103C6\ LIBRARY.elf  "STM32F103C6 LIBRARY.bin"
   text	   data	    bss	    dec	    hex	filename
   1512	      8	   1568	   3088	    c10	STM32F103C6 LIBRARY.elf
Finished building: default.size.stdout
 
Finished building: STM32F103C6 LIBRARY.hex
Finished building: STM32F103C6 LIBRARY.bin
Finished building: STM32F103C6 LIBRARY.list
 
 
 
23:33:29 **** Incremental Build of configuration Debug for project STM32F103C6 LIBRARY ****
make -j8 all 
arm-none-eabi-gcc "../Src/main.c" -mcpu=cortex-m3 -std=gnu11 -g3 -DDEBUG -DSTM32 -DSTM32F1 -DSTM32F103C6Tx -c -I../Inc -I"D:/Project STMf103c6/STM32F103C6 LIBRARY/Drivers/CMSIS/Core/Include" -I"D:/Project STMf103c6/STM32F103C6 LIBRARY/Drivers/CMSIS/Device/ST/STM32F1xx" -I"D:/Project STMf103c6/STM32F103C6 LIBRARY/Drivers/CMSIS/Device/ST/STM32F1xx/Include" -O0 -ffunction-sections -fdata-sections -Wall -fstack-usage -MMD -MP -MF"Src/main.d" -MT"Src/main.o" --specs=nano.specs -mfloat-abi=soft -mthumb -o "Src/main.o"
arm-none-eabi-gcc "../Inc/systick_interrupt.c" -mcpu=cortex-m3 -std=gnu11 -g3 -DDEBUG -DSTM32 -DSTM32F1 -DSTM32F103C6Tx -c -I../Inc -I"D:/Project STMf103c6/STM32F103C6 LIBRARY/Drivers/CMSIS/Core/Include" -I"D:/Project STMf103c6/STM32F103C6 LIBRARY/Drivers/CMSIS/Device/ST/STM32F1xx" -I"D:/Project STMf103c6/STM32F103C6 LIBRARY/Drivers/CMSIS/Device/ST/STM32F1xx/Include" -O0 -ffunction-sections -fdata-sections -Wall -fstack-usage -MMD -MP -MF"Inc/systick_interrupt.d" -MT"Inc/systick_interrupt.o" --specs=nano.specs -mfloat-abi=soft -mthumb -o "Inc/systick_interrupt.o"
arm-none-eabi-gcc "../Inc/usart_rx_interrupt.c" -mcpu=cortex-m3 -std=gnu11 -g3 -DDEBUG -DSTM32 -DSTM32F1 -DSTM32F103C6Tx -c -I../Inc -I"D:/Project STMf103c6/STM32F103C6 LIBRARY/Drivers/CMSIS/Core/Include" -I"D:/Project STMf103c6/STM32F103C6 LIBRARY/Drivers/CMSIS/Device/ST/STM32F1xx" -I"D:/Project STMf103c6/STM32F103C6 LIBRARY/Drivers/CMSIS/Device/ST/STM32F1xx/Include" -O0 -ffunction-sections -fdata-sections -Wall -fstack-usage -MMD -MP -MF"Inc/usart_rx_interrupt.d" -MT"Inc/usart_rx_interrupt.o" --specs=nano.specs -mfloat-abi=soft -mthumb -o "Inc/usart_rx_interrupt.o"
../Src/main.c: In function 'USART1_IRQHandler':
../Src/main.c:62:3: warning: implicit declaration of function 'usart_get_string_isr' [-Wimplicit-function-declaration]
   62 |   usart_get_string_isr(usart_manager,usart_data);
      |   ^~~~~~~~~~~~~~~~~~~~
../Src/main.c: In function 'SysTick_Handler':
../Src/main.c:65:2: warning: implicit declaration of function 'systick_interrupt_time_usart' [-Wimplicit-function-declaration]
   65 |  systick_interrupt_time_usart(usart_manager);
      |  ^~~~~~~~~~~~~~~~~~~~~~~~~~~~
arm-none-eabi-gcc -o "STM32F103C6 LIBRARY.elf" @"objects.list"   -mcpu=cortex-m3 -T"D:\Project STMf103c6\STM32F103C6 LIBRARY\STM32F103C6TX_FLASH.ld" --specs=nosys.specs -Wl,-Map="STM32F103C6 LIBRARY.map" -Wl,--gc-sections -static --specs=nano.specs -mfloat-abi=soft -mthumb -Wl,--start-group -lc -lm -Wl,--end-group
Finished building target: STM32F103C6 LIBRARY.elf
 
arm-none-eabi-size   STM32F103C6\ LIBRARY.elf 
arm-none-eabi-objdump -h -S  STM32F103C6\ LIBRARY.elf  > "STM32F103C6 LIBRARY.list"
arm-none-eabi-objcopy  -O ihex  STM32F103C6\ LIBRARY.elf  "STM32F103C6 LIBRARY.hex"
arm-none-eabi-objcopy  -O binary  STM32F103C6\ LIBRARY.elf  "STM32F103C6 LIBRARY.bin"
   text	   data	    bss	    dec	    hex	filename
   1628	     20	   1820	   3468	    d8c	STM32F103C6 LIBRARY.elf
Finished building: default.size.stdout
 
Finished building: STM32F103C6 LIBRARY.bin
Finished building: STM32F103C6 LIBRARY.hex
Finished building: STM32F103C6 LIBRARY.list
 
 
 
23:34:11 **** Incremental Build of configuration Debug for project STM32F103C6 LIBRARY ****
make -j8 all 
arm-none-eabi-gcc "../Src/main.c" -mcpu=cortex-m3 -std=gnu11 -g3 -DDEBUG -DSTM32 -DSTM32F1 -DSTM32F103C6Tx -c -I../Inc -I"D:/Project STMf103c6/STM32F103C6 LIBRARY/Drivers/CMSIS/Core/Include" -I"D:/Project STMf103c6/STM32F103C6 LIBRARY/Drivers/CMSIS/Device/ST/STM32F1xx" -I"D:/Project STMf103c6/STM32F103C6 LIBRARY/Drivers/CMSIS/Device/ST/STM32F1xx/Include" -O0 -ffunction-sections -fdata-sections -Wall -fstack-usage -MMD -MP -MF"Src/main.d" -MT"Src/main.o" --specs=nano.specs -mfloat-abi=soft -mthumb -o "Src/main.o"
../Src/main.c: In function 'SysTick_Handler':
../Src/main.c:65:2: warning: implicit declaration of function 'systick_interrupt_time_usart' [-Wimplicit-function-declaration]
   65 |  systick_interrupt_time_usart(usart_manager);
      |  ^~~~~~~~~~~~~~~~~~~~~~~~~~~~
arm-none-eabi-gcc -o "STM32F103C6 LIBRARY.elf" @"objects.list"   -mcpu=cortex-m3 -T"D:\Project STMf103c6\STM32F103C6 LIBRARY\STM32F103C6TX_FLASH.ld" --specs=nosys.specs -Wl,-Map="STM32F103C6 LIBRARY.map" -Wl,--gc-sections -static --specs=nano.specs -mfloat-abi=soft -mthumb -Wl,--start-group -lc -lm -Wl,--end-group
Finished building target: STM32F103C6 LIBRARY.elf
 
arm-none-eabi-size   STM32F103C6\ LIBRARY.elf 
arm-none-eabi-objdump -h -S  STM32F103C6\ LIBRARY.elf  > "STM32F103C6 LIBRARY.list"
arm-none-eabi-objcopy  -O ihex  STM32F103C6\ LIBRARY.elf  "STM32F103C6 LIBRARY.hex"
arm-none-eabi-objcopy  -O binary  STM32F103C6\ LIBRARY.elf  "STM32F103C6 LIBRARY.bin"
   text	   data	    bss	    dec	    hex	filename
   1628	     20	   1820	   3468	    d8c	STM32F103C6 LIBRARY.elf
Finished building: default.size.stdout
 
Finished building: STM32F103C6 LIBRARY.hex
Finished building: STM32F103C6 LIBRARY.bin
Finished building: STM32F103C6 LIBRARY.list
 
 
 
23:34:37 **** Incremental Build of configuration Debug for project STM32F103C6 LIBRARY ****
make -j8 all 
arm-none-eabi-gcc "../Src/main.c" -mcpu=cortex-m3 -std=gnu11 -g3 -DDEBUG -DSTM32 -DSTM32F1 -DSTM32F103C6Tx -c -I../Inc -I"D:/Project STMf103c6/STM32F103C6 LIBRARY/Drivers/CMSIS/Core/Include" -I"D:/Project STMf103c6/STM32F103C6 LIBRARY/Drivers/CMSIS/Device/ST/STM32F1xx" -I"D:/Project STMf103c6/STM32F103C6 LIBRARY/Drivers/CMSIS/Device/ST/STM32F1xx/Include" -O0 -ffunction-sections -fdata-sections -Wall -fstack-usage -MMD -MP -MF"Src/main.d" -MT"Src/main.o" --specs=nano.specs -mfloat-abi=soft -mthumb -o "Src/main.o"
arm-none-eabi-gcc "../Inc/systick_interrupt.c" -mcpu=cortex-m3 -std=gnu11 -g3 -DDEBUG -DSTM32 -DSTM32F1 -DSTM32F103C6Tx -c -I../Inc -I"D:/Project STMf103c6/STM32F103C6 LIBRARY/Drivers/CMSIS/Core/Include" -I"D:/Project STMf103c6/STM32F103C6 LIBRARY/Drivers/CMSIS/Device/ST/STM32F1xx" -I"D:/Project STMf103c6/STM32F103C6 LIBRARY/Drivers/CMSIS/Device/ST/STM32F1xx/Include" -O0 -ffunction-sections -fdata-sections -Wall -fstack-usage -MMD -MP -MF"Inc/systick_interrupt.d" -MT"Inc/systick_interrupt.o" --specs=nano.specs -mfloat-abi=soft -mthumb -o "Inc/systick_interrupt.o"
arm-none-eabi-gcc "../Inc/usart_rx_interrupt.c" -mcpu=cortex-m3 -std=gnu11 -g3 -DDEBUG -DSTM32 -DSTM32F1 -DSTM32F103C6Tx -c -I../Inc -I"D:/Project STMf103c6/STM32F103C6 LIBRARY/Drivers/CMSIS/Core/Include" -I"D:/Project STMf103c6/STM32F103C6 LIBRARY/Drivers/CMSIS/Device/ST/STM32F1xx" -I"D:/Project STMf103c6/STM32F103C6 LIBRARY/Drivers/CMSIS/Device/ST/STM32F1xx/Include" -O0 -ffunction-sections -fdata-sections -Wall -fstack-usage -MMD -MP -MF"Inc/usart_rx_interrupt.d" -MT"Inc/usart_rx_interrupt.o" --specs=nano.specs -mfloat-abi=soft -mthumb -o "Inc/usart_rx_interrupt.o"
arm-none-eabi-gcc -o "STM32F103C6 LIBRARY.elf" @"objects.list"   -mcpu=cortex-m3 -T"D:\Project STMf103c6\STM32F103C6 LIBRARY\STM32F103C6TX_FLASH.ld" --specs=nosys.specs -Wl,-Map="STM32F103C6 LIBRARY.map" -Wl,--gc-sections -static --specs=nano.specs -mfloat-abi=soft -mthumb -Wl,--start-group -lc -lm -Wl,--end-group
Finished building target: STM32F103C6 LIBRARY.elf
 
arm-none-eabi-size   STM32F103C6\ LIBRARY.elf 
arm-none-eabi-objdump -h -S  STM32F103C6\ LIBRARY.elf  > "STM32F103C6 LIBRARY.list"
arm-none-eabi-objcopy  -O ihex  STM32F103C6\ LIBRARY.elf  "STM32F103C6 LIBRARY.hex"
arm-none-eabi-objcopy  -O binary  STM32F103C6\ LIBRARY.elf  "STM32F103C6 LIBRARY.bin"
   text	   data	    bss	    dec	    hex	filename
   1628	     20	   1820	   3468	    d8c	STM32F103C6 LIBRARY.elf
Finished building: default.size.stdout
 
Finished building: STM32F103C6 LIBRARY.hex
Finished building: STM32F103C6 LIBRARY.bin
Finished building: STM32F103C6 LIBRARY.list
 
 
 
23:35:51 **** Incremental Build of configuration Debug for project STM32F103C6 LIBRARY ****
make -j8 all 
arm-none-eabi-gcc "../Src/main.c" -mcpu=cortex-m3 -std=gnu11 -g3 -DDEBUG -DSTM32 -DSTM32F1 -DSTM32F103C6Tx -c -I../Inc -I"D:/Project STMf103c6/STM32F103C6 LIBRARY/Drivers/CMSIS/Core/Include" -I"D:/Project STMf103c6/STM32F103C6 LIBRARY/Drivers/CMSIS/Device/ST/STM32F1xx" -I"D:/Project STMf103c6/STM32F103C6 LIBRARY/Drivers/CMSIS/Device/ST/STM32F1xx/Include" -O0 -ffunction-sections -fdata-sections -Wall -fstack-usage -MMD -MP -MF"Src/main.d" -MT"Src/main.o" --specs=nano.specs -mfloat-abi=soft -mthumb -o "Src/main.o"
arm-none-eabi-gcc -o "STM32F103C6 LIBRARY.elf" @"objects.list"   -mcpu=cortex-m3 -T"D:\Project STMf103c6\STM32F103C6 LIBRARY\STM32F103C6TX_FLASH.ld" --specs=nosys.specs -Wl,-Map="STM32F103C6 LIBRARY.map" -Wl,--gc-sections -static --specs=nano.specs -mfloat-abi=soft -mthumb -Wl,--start-group -lc -lm -Wl,--end-group
Finished building target: STM32F103C6 LIBRARY.elf
 
arm-none-eabi-size   STM32F103C6\ LIBRARY.elf 
arm-none-eabi-objdump -h -S  STM32F103C6\ LIBRARY.elf  > "STM32F103C6 LIBRARY.list"
arm-none-eabi-objcopy  -O ihex  STM32F103C6\ LIBRARY.elf  "STM32F103C6 LIBRARY.hex"
arm-none-eabi-objcopy  -O binary  STM32F103C6\ LIBRARY.elf  "STM32F103C6 LIBRARY.bin"
   text	   data	    bss	    dec	    hex	filename
   1620	     20	   1820	   3460	    d84	STM32F103C6 LIBRARY.elf
Finished building: default.size.stdout
 
Finished building: STM32F103C6 LIBRARY.hex
Finished building: STM32F103C6 LIBRARY.bin
Finished building: STM32F103C6 LIBRARY.list
 
 
 
23:39:24 **** Incremental Build of configuration Debug for project STM32F103C6 LIBRARY ****
make -j8 all 
arm-none-eabi-gcc "../Src/main.c" -mcpu=cortex-m3 -std=gnu11 -g3 -DDEBUG -DSTM32 -DSTM32F1 -DSTM32F103C6Tx -c -I../Inc -I"D:/Project STMf103c6/STM32F103C6 LIBRARY/Drivers/CMSIS/Core/Include" -I"D:/Project STMf103c6/STM32F103C6 LIBRARY/Drivers/CMSIS/Device/ST/STM32F1xx" -I"D:/Project STMf103c6/STM32F103C6 LIBRARY/Drivers/CMSIS/Device/ST/STM32F1xx/Include" -O0 -ffunction-sections -fdata-sections -Wall -fstack-usage -MMD -MP -MF"Src/main.d" -MT"Src/main.o" --specs=nano.specs -mfloat-abi=soft -mthumb -o "Src/main.o"
arm-none-eabi-gcc -o "STM32F103C6 LIBRARY.elf" @"objects.list"   -mcpu=cortex-m3 -T"D:\Project STMf103c6\STM32F103C6 LIBRARY\STM32F103C6TX_FLASH.ld" --specs=nosys.specs -Wl,-Map="STM32F103C6 LIBRARY.map" -Wl,--gc-sections -static --specs=nano.specs -mfloat-abi=soft -mthumb -Wl,--start-group -lc -lm -Wl,--end-group
Finished building target: STM32F103C6 LIBRARY.elf
 
arm-none-eabi-size   STM32F103C6\ LIBRARY.elf 
arm-none-eabi-objdump -h -S  STM32F103C6\ LIBRARY.elf  > "STM32F103C6 LIBRARY.list"
arm-none-eabi-objcopy  -O ihex  STM32F103C6\ LIBRARY.elf  "STM32F103C6 LIBRARY.hex"
arm-none-eabi-objcopy  -O binary  STM32F103C6\ LIBRARY.elf  "STM32F103C6 LIBRARY.bin"
   text	   data	    bss	    dec	    hex	filename
   1772	     20	   1820	   3612	    e1c	STM32F103C6 LIBRARY.elf
Finished building: default.size.stdout
 
Finished building: STM32F103C6 LIBRARY.hex
Finished building: STM32F103C6 LIBRARY.bin
Finished building: STM32F103C6 LIBRARY.list
 
 
 
23:40:00 **** Incremental Build of configuration Debug for project STM32F103C6 LIBRARY ****
make -j8 all 
arm-none-eabi-size   STM32F103C6\ LIBRARY.elf 
   text	   data	    bss	    dec	    hex	filename
   1772	     20	   1820	   3612	    e1c	STM32F103C6 LIBRARY.elf
Finished building: default.size.stdout
 
23:41:31 **** Incremental Build of configuration Debug for project STM32F103C6 LIBRARY ****
make -j8 all 
arm-none-eabi-gcc "../Src/main.c" -mcpu=cortex-m3 -std=gnu11 -g3 -DDEBUG -DSTM32 -DSTM32F1 -DSTM32F103C6Tx -c -I../Inc -I"D:/Project STMf103c6/STM32F103C6 LIBRARY/Drivers/CMSIS/Core/Include" -I"D:/Project STMf103c6/STM32F103C6 LIBRARY/Drivers/CMSIS/Device/ST/STM32F1xx" -I"D:/Project STMf103c6/STM32F103C6 LIBRARY/Drivers/CMSIS/Device/ST/STM32F1xx/Include" -O0 -ffunction-sections -fdata-sections -Wall -fstack-usage -MMD -MP -MF"Src/main.d" -MT"Src/main.o" --specs=nano.specs -mfloat-abi=soft -mthumb -o "Src/main.o"
arm-none-eabi-gcc -o "STM32F103C6 LIBRARY.elf" @"objects.list"   -mcpu=cortex-m3 -T"D:\Project STMf103c6\STM32F103C6 LIBRARY\STM32F103C6TX_FLASH.ld" --specs=nosys.specs -Wl,-Map="STM32F103C6 LIBRARY.map" -Wl,--gc-sections -static --specs=nano.specs -mfloat-abi=soft -mthumb -Wl,--start-group -lc -lm -Wl,--end-group
Finished building target: STM32F103C6 LIBRARY.elf
 
arm-none-eabi-size   STM32F103C6\ LIBRARY.elf 
arm-none-eabi-objdump -h -S  STM32F103C6\ LIBRARY.elf  > "STM32F103C6 LIBRARY.list"
arm-none-eabi-objcopy  -O ihex  STM32F103C6\ LIBRARY.elf  "STM32F103C6 LIBRARY.hex"
arm-none-eabi-objcopy  -O binary  STM32F103C6\ LIBRARY.elf  "STM32F103C6 LIBRARY.bin"
   text	   data	    bss	    dec	    hex	filename
   4724	     20	   1820	   6564	   19a4	STM32F103C6 LIBRARY.elf
Finished building: default.size.stdout
 
Finished building: STM32F103C6 LIBRARY.hex
Finished building: STM32F103C6 LIBRARY.bin
Finished building: STM32F103C6 LIBRARY.list
 
 
 
23:43:47 **** Incremental Build of configuration Debug for project STM32F103C6 LIBRARY ****
make -j8 all 
arm-none-eabi-gcc "../Src/main.c" -mcpu=cortex-m3 -std=gnu11 -g3 -DDEBUG -DSTM32 -DSTM32F1 -DSTM32F103C6Tx -c -I../Inc -I"D:/Project STMf103c6/STM32F103C6 LIBRARY/Drivers/CMSIS/Core/Include" -I"D:/Project STMf103c6/STM32F103C6 LIBRARY/Drivers/CMSIS/Device/ST/STM32F1xx" -I"D:/Project STMf103c6/STM32F103C6 LIBRARY/Drivers/CMSIS/Device/ST/STM32F1xx/Include" -O0 -ffunction-sections -fdata-sections -Wall -fstack-usage -MMD -MP -MF"Src/main.d" -MT"Src/main.o" --specs=nano.specs -mfloat-abi=soft -mthumb -o "Src/main.o"
../Src/main.c: In function 'main':
../Src/main.c:56:20: warning: statement with no effect [-Wunused-value]
   56 |    usart_manager[1]==0;
      |    ~~~~~~~~~~~~~~~~^~~
arm-none-eabi-gcc -o "STM32F103C6 LIBRARY.elf" @"objects.list"   -mcpu=cortex-m3 -T"D:\Project STMf103c6\STM32F103C6 LIBRARY\STM32F103C6TX_FLASH.ld" --specs=nosys.specs -Wl,-Map="STM32F103C6 LIBRARY.map" -Wl,--gc-sections -static --specs=nano.specs -mfloat-abi=soft -mthumb -Wl,--start-group -lc -lm -Wl,--end-group
Finished building target: STM32F103C6 LIBRARY.elf
 
arm-none-eabi-size   STM32F103C6\ LIBRARY.elf 
arm-none-eabi-objdump -h -S  STM32F103C6\ LIBRARY.elf  > "STM32F103C6 LIBRARY.list"
arm-none-eabi-objcopy  -O ihex  STM32F103C6\ LIBRARY.elf  "STM32F103C6 LIBRARY.hex"
arm-none-eabi-objcopy  -O binary  STM32F103C6\ LIBRARY.elf  "STM32F103C6 LIBRARY.bin"
   text	   data	    bss	    dec	    hex	filename
   4724	     20	   1820	   6564	   19a4	STM32F103C6 LIBRARY.elf
Finished building: default.size.stdout
 
Finished building: STM32F103C6 LIBRARY.hex
Finished building: STM32F103C6 LIBRARY.bin
Finished building: STM32F103C6 LIBRARY.list
 
 
 
23:43:59 **** Incremental Build of configuration Debug for project STM32F103C6 LIBRARY ****
make -j8 all 
arm-none-eabi-gcc "../Src/main.c" -mcpu=cortex-m3 -std=gnu11 -g3 -DDEBUG -DSTM32 -DSTM32F1 -DSTM32F103C6Tx -c -I../Inc -I"D:/Project STMf103c6/STM32F103C6 LIBRARY/Drivers/CMSIS/Core/Include" -I"D:/Project STMf103c6/STM32F103C6 LIBRARY/Drivers/CMSIS/Device/ST/STM32F1xx" -I"D:/Project STMf103c6/STM32F103C6 LIBRARY/Drivers/CMSIS/Device/ST/STM32F1xx/Include" -O0 -ffunction-sections -fdata-sections -Wall -fstack-usage -MMD -MP -MF"Src/main.d" -MT"Src/main.o" --specs=nano.specs -mfloat-abi=soft -mthumb -o "Src/main.o"
arm-none-eabi-gcc -o "STM32F103C6 LIBRARY.elf" @"objects.list"   -mcpu=cortex-m3 -T"D:\Project STMf103c6\STM32F103C6 LIBRARY\STM32F103C6TX_FLASH.ld" --specs=nosys.specs -Wl,-Map="STM32F103C6 LIBRARY.map" -Wl,--gc-sections -static --specs=nano.specs -mfloat-abi=soft -mthumb -Wl,--start-group -lc -lm -Wl,--end-group
Finished building target: STM32F103C6 LIBRARY.elf
 
arm-none-eabi-size   STM32F103C6\ LIBRARY.elf 
arm-none-eabi-objdump -h -S  STM32F103C6\ LIBRARY.elf  > "STM32F103C6 LIBRARY.list"
arm-none-eabi-objcopy  -O ihex  STM32F103C6\ LIBRARY.elf  "STM32F103C6 LIBRARY.hex"
arm-none-eabi-objcopy  -O binary  STM32F103C6\ LIBRARY.elf  "STM32F103C6 LIBRARY.bin"
   text	   data	    bss	    dec	    hex	filename
   4728	     20	   1820	   6568	   19a8	STM32F103C6 LIBRARY.elf
Finished building: default.size.stdout
 
Finished building: STM32F103C6 LIBRARY.hex
Finished building: STM32F103C6 LIBRARY.bin
 
 
Finished building: STM32F103C6 LIBRARY.list
 
23:44:59 **** Incremental Build of configuration Debug for project STM32F103C6 LIBRARY ****
make -j8 all 
arm-none-eabi-gcc "../Src/main.c" -mcpu=cortex-m3 -std=gnu11 -g3 -DDEBUG -DSTM32 -DSTM32F1 -DSTM32F103C6Tx -c -I../Inc -I"D:/Project STMf103c6/STM32F103C6 LIBRARY/Drivers/CMSIS/Core/Include" -I"D:/Project STMf103c6/STM32F103C6 LIBRARY/Drivers/CMSIS/Device/ST/STM32F1xx" -I"D:/Project STMf103c6/STM32F103C6 LIBRARY/Drivers/CMSIS/Device/ST/STM32F1xx/Include" -O0 -ffunction-sections -fdata-sections -Wall -fstack-usage -MMD -MP -MF"Src/main.d" -MT"Src/main.o" --specs=nano.specs -mfloat-abi=soft -mthumb -o "Src/main.o"
arm-none-eabi-gcc -o "STM32F103C6 LIBRARY.elf" @"objects.list"   -mcpu=cortex-m3 -T"D:\Project STMf103c6\STM32F103C6 LIBRARY\STM32F103C6TX_FLASH.ld" --specs=nosys.specs -Wl,-Map="STM32F103C6 LIBRARY.map" -Wl,--gc-sections -static --specs=nano.specs -mfloat-abi=soft -mthumb -Wl,--start-group -lc -lm -Wl,--end-group
Finished building target: STM32F103C6 LIBRARY.elf
 
arm-none-eabi-size   STM32F103C6\ LIBRARY.elf 
arm-none-eabi-objdump -h -S  STM32F103C6\ LIBRARY.elf  > "STM32F103C6 LIBRARY.list"
arm-none-eabi-objcopy  -O ihex  STM32F103C6\ LIBRARY.elf  "STM32F103C6 LIBRARY.hex"
arm-none-eabi-objcopy  -O binary  STM32F103C6\ LIBRARY.elf  "STM32F103C6 LIBRARY.bin"
   text	   data	    bss	    dec	    hex	filename
   4728	     20	   1820	   6568	   19a8	STM32F103C6 LIBRARY.elf
Finished building: default.size.stdout
 
Finished building: STM32F103C6 LIBRARY.hex
Finished building: STM32F103C6 LIBRARY.bin
Finished building: STM32F103C6 LIBRARY.list
 
 
 
23:46:10 **** Incremental Build of configuration Debug for project STM32F103C6 LIBRARY ****
make -j8 all 
arm-none-eabi-gcc "../Src/main.c" -mcpu=cortex-m3 -std=gnu11 -g3 -DDEBUG -DSTM32 -DSTM32F1 -DSTM32F103C6Tx -c -I../Inc -I"D:/Project STMf103c6/STM32F103C6 LIBRARY/Drivers/CMSIS/Core/Include" -I"D:/Project STMf103c6/STM32F103C6 LIBRARY/Drivers/CMSIS/Device/ST/STM32F1xx" -I"D:/Project STMf103c6/STM32F103C6 LIBRARY/Drivers/CMSIS/Device/ST/STM32F1xx/Include" -O0 -ffunction-sections -fdata-sections -Wall -fstack-usage -MMD -MP -MF"Src/main.d" -MT"Src/main.o" --specs=nano.specs -mfloat-abi=soft -mthumb -o "Src/main.o"
arm-none-eabi-gcc -o "STM32F103C6 LIBRARY.elf" @"objects.list"   -mcpu=cortex-m3 -T"D:\Project STMf103c6\STM32F103C6 LIBRARY\STM32F103C6TX_FLASH.ld" --specs=nosys.specs -Wl,-Map="STM32F103C6 LIBRARY.map" -Wl,--gc-sections -static --specs=nano.specs -mfloat-abi=soft -mthumb -Wl,--start-group -lc -lm -Wl,--end-group
Finished building target: STM32F103C6 LIBRARY.elf
 
arm-none-eabi-size   STM32F103C6\ LIBRARY.elf 
arm-none-eabi-objdump -h -S  STM32F103C6\ LIBRARY.elf  > "STM32F103C6 LIBRARY.list"
arm-none-eabi-objcopy  -O ihex  STM32F103C6\ LIBRARY.elf  "STM32F103C6 LIBRARY.hex"
arm-none-eabi-objcopy  -O binary  STM32F103C6\ LIBRARY.elf  "STM32F103C6 LIBRARY.bin"
   text	   data	    bss	    dec	    hex	filename
   4728	     20	   1820	   6568	   19a8	STM32F103C6 LIBRARY.elf
Finished building: default.size.stdout
 
Finished building: STM32F103C6 LIBRARY.hex
Finished building: STM32F103C6 LIBRARY.bin
 
Finished building: STM32F103C6 LIBRARY.list
 
 
23:47:13 **** Incremental Build of configuration Debug for project STM32F103C6 LIBRARY ****
make -j8 all 
arm-none-eabi-gcc "../Src/main.c" -mcpu=cortex-m3 -std=gnu11 -g3 -DDEBUG -DSTM32 -DSTM32F1 -DSTM32F103C6Tx -c -I../Inc -I"D:/Project STMf103c6/STM32F103C6 LIBRARY/Drivers/CMSIS/Core/Include" -I"D:/Project STMf103c6/STM32F103C6 LIBRARY/Drivers/CMSIS/Device/ST/STM32F1xx" -I"D:/Project STMf103c6/STM32F103C6 LIBRARY/Drivers/CMSIS/Device/ST/STM32F1xx/Include" -O0 -ffunction-sections -fdata-sections -Wall -fstack-usage -MMD -MP -MF"Src/main.d" -MT"Src/main.o" --specs=nano.specs -mfloat-abi=soft -mthumb -o "Src/main.o"
arm-none-eabi-gcc -o "STM32F103C6 LIBRARY.elf" @"objects.list"   -mcpu=cortex-m3 -T"D:\Project STMf103c6\STM32F103C6 LIBRARY\STM32F103C6TX_FLASH.ld" --specs=nosys.specs -Wl,-Map="STM32F103C6 LIBRARY.map" -Wl,--gc-sections -static --specs=nano.specs -mfloat-abi=soft -mthumb -Wl,--start-group -lc -lm -Wl,--end-group
Finished building target: STM32F103C6 LIBRARY.elf
 
arm-none-eabi-size   STM32F103C6\ LIBRARY.elf 
arm-none-eabi-objdump -h -S  STM32F103C6\ LIBRARY.elf  > "STM32F103C6 LIBRARY.list"
arm-none-eabi-objcopy  -O ihex  STM32F103C6\ LIBRARY.elf  "STM32F103C6 LIBRARY.hex"
arm-none-eabi-objcopy  -O binary  STM32F103C6\ LIBRARY.elf  "STM32F103C6 LIBRARY.bin"
   text	   data	    bss	    dec	    hex	filename
   4920	     20	   1820	   6760	   1a68	STM32F103C6 LIBRARY.elf
Finished building: default.size.stdout
 
Finished building: STM32F103C6 LIBRARY.hex
Finished building: STM32F103C6 LIBRARY.bin
Finished building: STM32F103C6 LIBRARY.list
 
 
 
23:48:02 **** Incremental Build of configuration Debug for project STM32F103C6 LIBRARY ****
make -j8 all 
arm-none-eabi-gcc "../Src/main.c" -mcpu=cortex-m3 -std=gnu11 -g3 -DDEBUG -DSTM32 -DSTM32F1 -DSTM32F103C6Tx -c -I../Inc -I"D:/Project STMf103c6/STM32F103C6 LIBRARY/Drivers/CMSIS/Core/Include" -I"D:/Project STMf103c6/STM32F103C6 LIBRARY/Drivers/CMSIS/Device/ST/STM32F1xx" -I"D:/Project STMf103c6/STM32F103C6 LIBRARY/Drivers/CMSIS/Device/ST/STM32F1xx/Include" -O0 -ffunction-sections -fdata-sections -Wall -fstack-usage -MMD -MP -MF"Src/main.d" -MT"Src/main.o" --specs=nano.specs -mfloat-abi=soft -mthumb -o "Src/main.o"
arm-none-eabi-gcc -o "STM32F103C6 LIBRARY.elf" @"objects.list"   -mcpu=cortex-m3 -T"D:\Project STMf103c6\STM32F103C6 LIBRARY\STM32F103C6TX_FLASH.ld" --specs=nosys.specs -Wl,-Map="STM32F103C6 LIBRARY.map" -Wl,--gc-sections -static --specs=nano.specs -mfloat-abi=soft -mthumb -Wl,--start-group -lc -lm -Wl,--end-group
Finished building target: STM32F103C6 LIBRARY.elf
 
arm-none-eabi-size   STM32F103C6\ LIBRARY.elf 
arm-none-eabi-objdump -h -S  STM32F103C6\ LIBRARY.elf  > "STM32F103C6 LIBRARY.list"
arm-none-eabi-objcopy  -O ihex  STM32F103C6\ LIBRARY.elf  "STM32F103C6 LIBRARY.hex"
arm-none-eabi-objcopy  -O binary  STM32F103C6\ LIBRARY.elf  "STM32F103C6 LIBRARY.bin"
   text	   data	    bss	    dec	    hex	filename
   4920	     20	   1820	   6760	   1a68	STM32F103C6 LIBRARY.elf
Finished building: default.size.stdout
 
Finished building: STM32F103C6 LIBRARY.hex
Finished building: STM32F103C6 LIBRARY.bin
Finished building: STM32F103C6 LIBRARY.list
 
 
 
23:58:59 **** Incremental Build of configuration Debug for project STM32F103C6 LIBRARY ****
make -j8 all 
arm-none-eabi-gcc "../Inc/systick_interrupt.c" -mcpu=cortex-m3 -std=gnu11 -g3 -DDEBUG -DSTM32 -DSTM32F1 -DSTM32F103C6Tx -c -I../Inc -I"D:/Project STMf103c6/STM32F103C6 LIBRARY/Drivers/CMSIS/Core/Include" -I"D:/Project STMf103c6/STM32F103C6 LIBRARY/Drivers/CMSIS/Device/ST/STM32F1xx" -I"D:/Project STMf103c6/STM32F103C6 LIBRARY/Drivers/CMSIS/Device/ST/STM32F1xx/Include" -O0 -ffunction-sections -fdata-sections -Wall -fstack-usage -MMD -MP -MF"Inc/systick_interrupt.d" -MT"Inc/systick_interrupt.o" --specs=nano.specs -mfloat-abi=soft -mthumb -o "Inc/systick_interrupt.o"
arm-none-eabi-gcc "../Inc/usart_rx_interrupt.c" -mcpu=cortex-m3 -std=gnu11 -g3 -DDEBUG -DSTM32 -DSTM32F1 -DSTM32F103C6Tx -c -I../Inc -I"D:/Project STMf103c6/STM32F103C6 LIBRARY/Drivers/CMSIS/Core/Include" -I"D:/Project STMf103c6/STM32F103C6 LIBRARY/Drivers/CMSIS/Device/ST/STM32F1xx" -I"D:/Project STMf103c6/STM32F103C6 LIBRARY/Drivers/CMSIS/Device/ST/STM32F1xx/Include" -O0 -ffunction-sections -fdata-sections -Wall -fstack-usage -MMD -MP -MF"Inc/usart_rx_interrupt.d" -MT"Inc/usart_rx_interrupt.o" --specs=nano.specs -mfloat-abi=soft -mthumb -o "Inc/usart_rx_interrupt.o"
arm-none-eabi-gcc -o "STM32F103C6 LIBRARY.elf" @"objects.list"   -mcpu=cortex-m3 -T"D:\Project STMf103c6\STM32F103C6 LIBRARY\STM32F103C6TX_FLASH.ld" --specs=nosys.specs -Wl,-Map="STM32F103C6 LIBRARY.map" -Wl,--gc-sections -static --specs=nano.specs -mfloat-abi=soft -mthumb -Wl,--start-group -lc -lm -Wl,--end-group
Finished building target: STM32F103C6 LIBRARY.elf
 
arm-none-eabi-size   STM32F103C6\ LIBRARY.elf 
arm-none-eabi-objdump -h -S  STM32F103C6\ LIBRARY.elf  > "STM32F103C6 LIBRARY.list"
arm-none-eabi-objcopy  -O ihex  STM32F103C6\ LIBRARY.elf  "STM32F103C6 LIBRARY.hex"
arm-none-eabi-objcopy  -O binary  STM32F103C6\ LIBRARY.elf  "STM32F103C6 LIBRARY.bin"
   text	   data	    bss	    dec	    hex	filename
   4920	     20	   1820	   6760	   1a68	STM32F103C6 LIBRARY.elf
Finished building: default.size.stdout
 
Finished building: STM32F103C6 LIBRARY.hex
Finished building: STM32F103C6 LIBRARY.bin
 
Finished building: STM32F103C6 LIBRARY.list
 
 
23:59:23 **** Incremental Build of configuration Debug for project STM32F103C6 LIBRARY ****
make -j8 all 
arm-none-eabi-gcc "../Inc/systick_interrupt.c" -mcpu=cortex-m3 -std=gnu11 -g3 -DDEBUG -DSTM32 -DSTM32F1 -DSTM32F103C6Tx -c -I../Inc -I"D:/Project STMf103c6/STM32F103C6 LIBRARY/Drivers/CMSIS/Core/Include" -I"D:/Project STMf103c6/STM32F103C6 LIBRARY/Drivers/CMSIS/Device/ST/STM32F1xx" -I"D:/Project STMf103c6/STM32F103C6 LIBRARY/Drivers/CMSIS/Device/ST/STM32F1xx/Include" -O0 -ffunction-sections -fdata-sections -Wall -fstack-usage -MMD -MP -MF"Inc/systick_interrupt.d" -MT"Inc/systick_interrupt.o" --specs=nano.specs -mfloat-abi=soft -mthumb -o "Inc/systick_interrupt.o"
arm-none-eabi-gcc -o "STM32F103C6 LIBRARY.elf" @"objects.list"   -mcpu=cortex-m3 -T"D:\Project STMf103c6\STM32F103C6 LIBRARY\STM32F103C6TX_FLASH.ld" --specs=nosys.specs -Wl,-Map="STM32F103C6 LIBRARY.map" -Wl,--gc-sections -static --specs=nano.specs -mfloat-abi=soft -mthumb -Wl,--start-group -lc -lm -Wl,--end-group
Finished building target: STM32F103C6 LIBRARY.elf
 
arm-none-eabi-size   STM32F103C6\ LIBRARY.elf 
arm-none-eabi-objdump -h -S  STM32F103C6\ LIBRARY.elf  > "STM32F103C6 LIBRARY.list"
arm-none-eabi-objcopy  -O ihex  STM32F103C6\ LIBRARY.elf  "STM32F103C6 LIBRARY.hex"
arm-none-eabi-objcopy  -O binary  STM32F103C6\ LIBRARY.elf  "STM32F103C6 LIBRARY.bin"
   text	   data	    bss	    dec	    hex	filename
   4920	     20	   1820	   6760	   1a68	STM32F103C6 LIBRARY.elf
Finished building: default.size.stdout
 
Finished building: STM32F103C6 LIBRARY.bin
Finished building: STM32F103C6 LIBRARY.hex
 
Finished building: STM32F103C6 LIBRARY.list
 
 
00:00:37 **** Incremental Build of configuration Debug for project STM32F103C6 LIBRARY ****
make -j8 all 
arm-none-eabi-gcc "../Src/main.c" -mcpu=cortex-m3 -std=gnu11 -g3 -DDEBUG -DSTM32 -DSTM32F1 -DSTM32F103C6Tx -c -I../Inc -I"D:/Project STMf103c6/STM32F103C6 LIBRARY/Drivers/CMSIS/Core/Include" -I"D:/Project STMf103c6/STM32F103C6 LIBRARY/Drivers/CMSIS/Device/ST/STM32F1xx" -I"D:/Project STMf103c6/STM32F103C6 LIBRARY/Drivers/CMSIS/Device/ST/STM32F1xx/Include" -O0 -ffunction-sections -fdata-sections -Wall -fstack-usage -MMD -MP -MF"Src/main.d" -MT"Src/main.o" --specs=nano.specs -mfloat-abi=soft -mthumb -o "Src/main.o"
arm-none-eabi-gcc -o "STM32F103C6 LIBRARY.elf" @"objects.list"   -mcpu=cortex-m3 -T"D:\Project STMf103c6\STM32F103C6 LIBRARY\STM32F103C6TX_FLASH.ld" --specs=nosys.specs -Wl,-Map="STM32F103C6 LIBRARY.map" -Wl,--gc-sections -static --specs=nano.specs -mfloat-abi=soft -mthumb -Wl,--start-group -lc -lm -Wl,--end-group
Finished building target: STM32F103C6 LIBRARY.elf
 
arm-none-eabi-size   STM32F103C6\ LIBRARY.elf 
arm-none-eabi-objdump -h -S  STM32F103C6\ LIBRARY.elf  > "STM32F103C6 LIBRARY.list"
arm-none-eabi-objcopy  -O ihex  STM32F103C6\ LIBRARY.elf  "STM32F103C6 LIBRARY.hex"
arm-none-eabi-objcopy  -O binary  STM32F103C6\ LIBRARY.elf  "STM32F103C6 LIBRARY.bin"
   text	   data	    bss	    dec	    hex	filename
   4728	     20	   1820	   6568	   19a8	STM32F103C6 LIBRARY.elf
Finished building: default.size.stdout
 
Finished building: STM32F103C6 LIBRARY.hex
Finished building: STM32F103C6 LIBRARY.bin
 
Finished building: STM32F103C6 LIBRARY.list
 
 
00:02:42 **** Incremental Build of configuration Debug for project STM32F103C6 LIBRARY ****
make -j8 all 
arm-none-eabi-size   STM32F103C6\ LIBRARY.elf 
   text	   data	    bss	    dec	    hex	filename
   4728	     20	   1820	   6568	   19a8	STM32F103C6 LIBRARY.elf
Finished building: default.size.stdout
 
